2024-10-18 19:58:23.078 [info] Extension host with pid 4101 started
2024-10-18 19:58:23.079 [error] Error: EEXIST: file already exists, open '/home/ec2-user/.vscode-server/data/User/workspaceStorage/d98ec575b5d4a92322392fdf8f492d82/vscode.lock'
2024-10-18 19:58:23.111 [info] Lock '/home/ec2-user/.vscode-server/data/User/workspaceStorage/d98ec575b5d4a92322392fdf8f492d82/vscode.lock': Could not acquire lock, checking if the file is stale.
2024-10-18 19:58:23.143 [info] Lock '/home/ec2-user/.vscode-server/data/User/workspaceStorage/d98ec575b5d4a92322392fdf8f492d82/vscode.lock': The pid 3440 appears to be gone.
2024-10-18 19:58:23.143 [info] Lock '/home/ec2-user/.vscode-server/data/User/workspaceStorage/d98ec575b5d4a92322392fdf8f492d82/vscode.lock': Deleting a stale lock.
2024-10-18 19:58:23.220 [info] ExtensionService#_doActivateExtension vscode.emmet, startup: false, activationEvent: 'onLanguage'
2024-10-18 19:58:23.221 [info] ExtensionService#_doActivateExtension vscode.tunnel-forwarding, startup: false, activationEvent: 'onTunnel'
2024-10-18 19:58:23.222 [info] ExtensionService#_doActivateExtension vscode.typescript-language-features, startup: false, activationEvent: 'onLanguage:javascript'
2024-10-18 19:58:23.222 [info] ExtensionService#_doActivateExtension ms-python.python, startup: false, activationEvent: 'onLanguage:python', root cause: ms-python.debugpy
2024-10-18 19:58:23.222 [info] ExtensionService#_doActivateExtension vscode.git-base, startup: false, activationEvent: '*', root cause: vscode.git
2024-10-18 19:58:24.291 [info] Lock '/home/ec2-user/.vscode-server/data/User/workspaceStorage/d98ec575b5d4a92322392fdf8f492d82/vscode.lock': Lock acquired.
2024-10-18 19:58:25.115 [info] ExtensionService#_doActivateExtension vscode.git, startup: false, activationEvent: '*'
2024-10-18 19:58:25.115 [info] ExtensionService#_doActivateExtension vscode.github, startup: false, activationEvent: '*'
2024-10-18 19:58:26.568 [info] ExtensionService#_doActivateExtension ms-python.debugpy, startup: false, activationEvent: 'onLanguage:python'
2024-10-18 19:58:26.568 [info] ExtensionService#_doActivateExtension ms-python.vscode-pylance, startup: false, activationEvent: 'onLanguage:python'
2024-10-18 19:58:30.159 [info] Eager extensions activated
2024-10-18 19:58:30.159 [info] ExtensionService#_doActivateExtension vscode.debug-auto-launch, startup: false, activationEvent: 'onStartupFinished'
2024-10-18 19:58:30.159 [info] ExtensionService#_doActivateExtension vscode.merge-conflict, startup: false, activationEvent: 'onStartupFinished'
2024-10-18 19:58:30.160 [info] ExtensionService#_doActivateExtension esbenp.prettier-vscode, startup: false, activationEvent: 'onStartupFinished'
2024-10-18 19:58:30.160 [info] ExtensionService#_doActivateExtension ritwickdey.LiveServer, startup: false, activationEvent: 'onStartupFinished'
2024-10-18 20:00:33.536 [info] ExtensionService#_doActivateExtension vscode.html-language-features, startup: false, activationEvent: 'onLanguage:html'
2024-10-18 20:00:46.739 [info] ExtensionService#_doActivateExtension vscode.css-language-features, startup: false, activationEvent: 'onLanguage:css'
2024-10-18 20:03:50.627 [info] ExtensionService#_doActivateExtension vscode.npm, startup: false, activationEvent: 'onTerminalQuickFixRequest:ms-vscode.npm-command'
2024-10-18 20:03:56.301 [info] ExtensionService#_doActivateExtension vscode.configuration-editing, startup: false, activationEvent: 'onLanguage:json'
2024-10-18 20:03:56.302 [info] ExtensionService#_doActivateExtension vscode.extension-editing, startup: false, activationEvent: 'onLanguage:json'
2024-10-18 20:03:56.302 [info] ExtensionService#_doActivateExtension vscode.json-language-features, startup: false, activationEvent: 'onLanguage:json'
