2024-10-18 17:14:21.160 [info] Extension host with pid 3430 started
2024-10-18 17:14:21.160 [error] Error: EEXIST: file already exists, open '/home/ec2-user/.vscode-server/data/User/workspaceStorage/d98ec575b5d4a92322392fdf8f492d82/vscode.lock'
2024-10-18 17:14:21.172 [info] Lock '/home/ec2-user/.vscode-server/data/User/workspaceStorage/d98ec575b5d4a92322392fdf8f492d82/vscode.lock': Could not acquire lock, checking if the file is stale.
2024-10-18 17:14:21.188 [info] Lock '/home/ec2-user/.vscode-server/data/User/workspaceStorage/d98ec575b5d4a92322392fdf8f492d82/vscode.lock': The lock does not look stale, elapsed: 289364 ms, giving up.
2024-10-18 17:14:21.191 [info] Lock '/home/ec2-user/.vscode-server/data/User/workspaceStorage/d98ec575b5d4a92322392fdf8f492d82-1/vscode.lock': Lock acquired.
2024-10-18 17:14:21.495 [info] ExtensionService#_doActivateExtension vscode.emmet, startup: false, activationEvent: 'onLanguage'
2024-10-18 17:14:21.498 [info] ExtensionService#_doActivateExtension vscode.typescript-language-features, startup: false, activationEvent: 'onLanguage:javascript'
2024-10-18 17:14:21.498 [info] ExtensionService#_doActivateExtension vscode.css-language-features, startup: false, activationEvent: 'onLanguage:css'
2024-10-18 17:14:21.499 [info] ExtensionService#_doActivateExtension vscode.git-base, startup: false, activationEvent: '*', root cause: vscode.git
2024-10-18 17:14:22.032 [info] ExtensionService#_doActivateExtension vscode.tunnel-forwarding, startup: false, activationEvent: 'onTunnel'
2024-10-18 17:14:22.849 [info] ExtensionService#_doActivateExtension vscode.git, startup: false, activationEvent: '*'
2024-10-18 17:14:22.849 [info] ExtensionService#_doActivateExtension vscode.github, startup: false, activationEvent: '*'
2024-10-18 17:14:24.103 [info] Eager extensions activated
2024-10-18 17:14:24.103 [info] ExtensionService#_doActivateExtension vscode.debug-auto-launch, startup: false, activationEvent: 'onStartupFinished'
2024-10-18 17:14:24.104 [info] ExtensionService#_doActivateExtension vscode.merge-conflict, startup: false, activationEvent: 'onStartupFinished'
2024-10-18 17:14:24.104 [info] ExtensionService#_doActivateExtension esbenp.prettier-vscode, startup: false, activationEvent: 'onStartupFinished'
2024-10-18 17:14:24.104 [info] ExtensionService#_doActivateExtension ritwickdey.LiveServer, startup: false, activationEvent: 'onStartupFinished'
2024-10-18 17:14:27.323 [info] ExtensionService#_doActivateExtension ms-python.python, startup: false, activationEvent: 'onLanguage:python', root cause: ms-python.debugpy
2024-10-18 17:14:29.083 [info] ExtensionService#_doActivateExtension ms-python.debugpy, startup: false, activationEvent: 'onLanguage:python'
2024-10-18 17:14:29.083 [info] ExtensionService#_doActivateExtension ms-python.vscode-pylance, startup: false, activationEvent: 'onLanguage:python'
2024-10-18 17:15:25.051 [info] ExtensionService#_doActivateExtension vscode.npm, startup: false, activationEvent: 'onTerminalQuickFixRequest:ms-vscode.npm-command'
2024-10-18 17:15:30.872 [info] ExtensionService#_doActivateExtension vscode.configuration-editing, startup: false, activationEvent: 'onLanguage:json'
2024-10-18 17:15:30.872 [info] ExtensionService#_doActivateExtension vscode.extension-editing, startup: false, activationEvent: 'onLanguage:json'
2024-10-18 17:15:30.872 [info] ExtensionService#_doActivateExtension vscode.json-language-features, startup: false, activationEvent: 'onLanguage:json'
2024-10-18 19:34:10.217 [info] ExtensionService#_doActivateExtension vscode.html-language-features, startup: false, activationEvent: 'onLanguage:html'
