2024-10-18 17:14:31.205 [info] [Info  - 5:14:31 PM] (3673) Server root directory: file:///home/ec2-user/.vscode-server/extensions/ms-python.vscode-pylance-2024.10.1/dist
2024-10-18 17:14:31.206 [info] [Info  - 5:14:31 PM] (3673) Pylance language server 2024.10.1 (pyright version 1.1.382, commit e46efc6b) starting
2024-10-18 17:14:31.216 [info] [Info  - 5:14:31 PM] (3673) Starting service instance "ec2-user"
2024-10-18 17:14:31.257 [info] (Client) Pylance async client (2024.10.1) started with python extension (2024.16.1)
2024-10-18 17:14:31.319 [info] [Info  - 5:14:31 PM] (3673) Setting environmentName for service "ec2-user": "2.7.18 (global)"
2024-10-18 17:14:31.320 [info] [Info  - 5:14:31 PM] (3673) Setting pythonPath for service "ec2-user": "/usr/bin/python"
2024-10-18 17:14:31.321 [info] [Info  - 5:14:31 PM] (3673) No include entries specified; assuming /home/ec2-user
2024-10-18 17:14:31.323 [info] [Info  - 5:14:31 PM] (3673) Auto-excluding **/node_modules
2024-10-18 17:14:31.323 [info] [Info  - 5:14:31 PM] (3673) Auto-excluding **/__pycache__
2024-10-18 17:14:31.323 [info] [Info  - 5:14:31 PM] (3673) Auto-excluding **/.*
2024-10-18 17:14:31.338 [info] Unknown option: -I
usage: /usr/bin/python [option] ... [-c cmd | -m mod | file | -] [arg] ...
Try `python -h' for more information.

2024-10-18 17:14:31.526 [info] [Info  - 5:14:31 PM] (3673) Found 2 source files
2024-10-18 17:14:33.602 [info] [Info  - 5:14:33 PM] (3673) Background analysis(1) root directory: file:///home/ec2-user/.vscode-server/extensions/ms-python.vscode-pylance-2024.10.1/dist
2024-10-18 17:14:33.616 [info] [Info  - 5:14:33 PM] (3673) Background analysis(1) started
2024-10-18 17:14:34.176 [info] [Info  - 5:14:34 PM] (3673) Indexer background runner(2) root directory: file:///home/ec2-user/.vscode-server/extensions/ms-python.vscode-pylance-2024.10.1/dist (index)
2024-10-18 17:14:34.177 [info] [Info  - 5:14:34 PM] (3673) Indexing(2) started
2024-10-18 17:14:36.045 [info] [Info  - 5:14:36 PM] (3673) scanned(2) 56 files over 1 exec env
2024-10-18 17:14:36.600 [info] [Info  - 5:14:36 PM] (3673) indexed(2) 56 files over 1 exec env
2024-10-18 17:14:36.669 [info] [Info  - 5:14:36 PM] (3673) Indexing finished(2).
2024-10-18 19:37:05.326 [info] [Info  - 7:37:05 PM] (3673) Setting environmentName for service "ec2-user": "2.7.18 (global)"
2024-10-18 19:37:05.370 [info] [Info  - 7:37:05 PM] (3673) Setting pythonPath for service "ec2-user": "/usr/bin/python"
2024-10-18 19:37:05.373 [info] [Info  - 7:37:05 PM] (3673) No include entries specified; assuming /home/ec2-user
2024-10-18 19:37:05.374 [info] [Info  - 7:37:05 PM] (3673) Auto-excluding **/node_modules
2024-10-18 19:37:05.375 [info] [Info  - 7:37:05 PM] (3673) Auto-excluding **/__pycache__
2024-10-18 19:37:05.375 [info] [Info  - 7:37:05 PM] (3673) Auto-excluding **/.*
2024-10-18 19:37:05.387 [info] Unknown option: -I
usage: /usr/bin/python [option] ... [-c cmd | -m mod | file | -] [arg] ...
Try `python -h' for more information.

2024-10-18 19:37:05.587 [info] [Info  - 7:37:05 PM] (3673) Found 2 source files
