2024-10-18 19:56:50.866 [info] [main] Log level: Info
2024-10-18 19:56:50.866 [info] [main] Validating found git in: "git"
2024-10-18 19:56:50.866 [info] [main] Using git "2.40.1" from "git"
2024-10-18 19:56:50.866 [info] [Model][doInitialScan] Initial repository scan started
2024-10-18 19:56:50.866 [info] > git rev-parse --show-toplevel [193ms]
2024-10-18 19:56:50.866 [info] [Model][doInitialScan] Initial repository scan completed - repositories (0), closed repositories (0), parent repositories (1), unsafe repositories (0)
2024-10-18 19:56:58.889 [info] > git rev-parse --show-toplevel [2ms]
2024-10-18 19:56:58.893 [info] > git rev-parse --git-dir --git-common-dir [2ms]
2024-10-18 19:56:58.907 [info] [Model][openRepository] Opened repository: /home/ec2-user
2024-10-18 19:56:58.918 [info] > git config --get commit.template [4ms]
2024-10-18 19:56:58.967 [info] > git for-each-ref --format=%(refname)%00%(upstream:short)%00%(objectname)%00%(upstream:track)%00%(upstream:remotename)%00%(upstream:remoteref) refs/heads/main refs/remotes/main [50ms]
2024-10-18 19:56:58.987 [info] > git for-each-ref --sort -committerdate --format %(refname) %(objectname) %(*objectname) [2ms]
2024-10-18 19:56:59.136 [info] > git fetch [230ms]
2024-10-18 19:56:59.159 [info] > git status -z -uall [187ms] (cancelled)
2024-10-18 19:56:59.159 [info] > git for-each-ref --format=%(refname)%00%(upstream:short)%00%(objectname)%00%(upstream:track)%00%(upstream:remotename)%00%(upstream:remoteref) refs/heads/main refs/remotes/main [15ms]
2024-10-18 19:56:59.166 [info] > git config --get commit.template [9ms]
2024-10-18 19:56:59.166 [info] > git config --get commit.template [12ms]
2024-10-18 19:56:59.174 [info] > git for-each-ref --format=%(refname)%00%(upstream:short)%00%(objectname)%00%(upstream:track)%00%(upstream:remotename)%00%(upstream:remoteref) refs/heads/main refs/remotes/main [5ms]
2024-10-18 19:56:59.174 [info] > git config --local branch.main.vscode-merge-base [9ms]
2024-10-18 19:56:59.174 [warning] [Git][config] git config failed: Failed to execute git
2024-10-18 19:56:59.177 [info] > git for-each-ref --format=%(refname)%00%(upstream:short)%00%(objectname)%00%(upstream:track)%00%(upstream:remotename)%00%(upstream:remoteref) refs/heads/main refs/remotes/main [4ms]
2024-10-18 19:56:59.199 [info] > git reflog main --grep-reflog=branch: Created from *. [21ms]
2024-10-18 19:56:59.205 [info] > git for-each-ref --format=%(refname)%00%(upstream:short)%00%(objectname)%00%(upstream:track)%00%(upstream:remotename)%00%(upstream:remoteref) refs/heads/main refs/remotes/main [22ms]
2024-10-18 19:56:59.299 [info] > git symbolic-ref --short refs/remotes/origin/HEAD [93ms]
2024-10-18 19:56:59.299 [info] fatal: ref refs/remotes/origin/HEAD is not a symbolic ref
2024-10-18 19:56:59.299 [warning] [Repository][getDefaultBranch] Failed to get default branch details: Failed to execute git.
2024-10-18 19:56:59.323 [info] > git for-each-ref --sort -committerdate --format %(refname) %(objectname) %(*objectname) [126ms]
2024-10-18 19:56:59.345 [info] > git merge-base refs/heads/main refs/remotes/origin/main [22ms]
2024-10-18 19:56:59.355 [info] > git config --local branch.main.vscode-merge-base [114ms]
2024-10-18 19:56:59.355 [warning] [Git][config] git config failed: Failed to execute git
2024-10-18 19:56:59.375 [info] > git diff --name-status -z --diff-filter=ADMR 24583c9bc3f076b6778aec389121510428e8385f...refs/remotes/origin/main [20ms]
2024-10-18 19:56:59.385 [info] > git reflog main --grep-reflog=branch: Created from *. [19ms]
2024-10-18 19:56:59.399 [info] > git symbolic-ref --short refs/remotes/origin/HEAD [8ms]
2024-10-18 19:56:59.399 [info] fatal: ref refs/remotes/origin/HEAD is not a symbolic ref
2024-10-18 19:56:59.399 [warning] [Repository][getDefaultBranch] Failed to get default branch details: Failed to execute git.
2024-10-18 19:56:59.429 [info] > git status -z -uall [236ms]
2024-10-18 19:57:01.309 [info] > git check-ignore -v -z --stdin [8ms]
2024-10-18 19:57:04.157 [info] > git check-ignore -v -z --stdin [40ms]
2024-10-18 19:57:05.874 [info] > git config --get commit.template [5ms]
2024-10-18 19:57:05.877 [info] > git for-each-ref --format=%(refname)%00%(upstream:short)%00%(objectname)%00%(upstream:track)%00%(upstream:remotename)%00%(upstream:remoteref) refs/heads/main refs/remotes/main [4ms]
2024-10-18 19:57:05.893 [info] > git for-each-ref --sort -committerdate --format %(refname) %(objectname) %(*objectname) [4ms]
2024-10-18 19:57:06.021 [info] > git status -z -uall [134ms]
2024-10-18 19:57:06.435 [info] > git log --format=%H%n%aN%n%aE%n%at%n%ct%n%P%n%D%n%B -z --shortstat --diff-merges=first-parent -n50 --skip=0 --topo-order --decorate=full --stdin [2866ms]
2024-10-18 19:57:09.057 [info] > git show --textconv :register.html [20ms]
2024-10-18 19:57:09.059 [info] > git ls-files --stage -- /home/ec2-user/register.html [18ms]
2024-10-18 19:57:09.067 [info] > git cat-file -s a2eb688973c60d78fadac8e9ba0944a3e615925a [2ms]
2024-10-18 19:57:09.114 [info] > git check-ignore -v -z --stdin [11ms]
2024-10-18 19:57:11.039 [info] > git config --get commit.template [3ms]
2024-10-18 19:57:11.041 [info] > git for-each-ref --format=%(refname)%00%(upstream:short)%00%(objectname)%00%(upstream:track)%00%(upstream:remotename)%00%(upstream:remoteref) refs/heads/main refs/remotes/main [2ms]
2024-10-18 19:57:11.051 [info] > git for-each-ref --sort -committerdate --format %(refname) %(objectname) %(*objectname) [3ms]
2024-10-18 19:57:11.100 [info] > git show --textconv HEAD:register.html [10ms]
2024-10-18 19:57:11.106 [info] > git ls-tree -l HEAD -- /home/ec2-user/register.html [4ms]
2024-10-18 19:57:11.169 [info] > git status -z -uall [126ms]
2024-10-18 19:57:14.510 [info] > git show --textconv :register.html [9ms]
2024-10-18 19:57:14.517 [info] > git ls-files --stage -- /home/ec2-user/register.html [11ms]
2024-10-18 19:57:14.520 [info] > git cat-file -s a2eb688973c60d78fadac8e9ba0944a3e615925a [1ms]
2024-10-18 19:57:16.177 [info] > git config --get commit.template [3ms]
2024-10-18 19:57:16.180 [info] > git for-each-ref --format=%(refname)%00%(upstream:short)%00%(objectname)%00%(upstream:track)%00%(upstream:remotename)%00%(upstream:remoteref) refs/heads/main refs/remotes/main [3ms]
2024-10-18 19:57:16.189 [info] > git for-each-ref --sort -committerdate --format %(refname) %(objectname) %(*objectname) [4ms]
2024-10-18 19:57:16.268 [info] > git status -z -uall [85ms]
2024-10-18 19:57:18.762 [info] > git log --format=%H%n%aN%n%aE%n%at%n%ct%n%P%n%D%n%B -z -n874 --follow -- /home/ec2-user/register.html [21ms]
2024-10-18 19:57:21.279 [info] > git config --get commit.template [3ms]
2024-10-18 19:57:21.281 [info] > git for-each-ref --format=%(refname)%00%(upstream:short)%00%(objectname)%00%(upstream:track)%00%(upstream:remotename)%00%(upstream:remoteref) refs/heads/main refs/remotes/main [3ms]
2024-10-18 19:57:21.292 [info] > git for-each-ref --sort -committerdate --format %(refname) %(objectname) %(*objectname) [6ms]
2024-10-18 19:57:21.371 [info] > git status -z -uall [89ms]
2024-10-18 19:57:26.380 [info] > git config --get commit.template [3ms]
2024-10-18 19:57:26.382 [info] > git for-each-ref --format=%(refname)%00%(upstream:short)%00%(objectname)%00%(upstream:track)%00%(upstream:remotename)%00%(upstream:remoteref) refs/heads/main refs/remotes/main [2ms]
2024-10-18 19:57:26.391 [info] > git for-each-ref --sort -committerdate --format %(refname) %(objectname) %(*objectname) [2ms]
2024-10-18 19:57:26.471 [info] > git status -z -uall [87ms]
2024-10-18 19:57:29.172 [info] > git check-ignore -v -z --stdin [6ms]
2024-10-18 19:57:31.489 [info] > git config --get commit.template [4ms]
2024-10-18 19:57:31.491 [info] > git for-each-ref --format=%(refname)%00%(upstream:short)%00%(objectname)%00%(upstream:track)%00%(upstream:remotename)%00%(upstream:remoteref) refs/heads/main refs/remotes/main [3ms]
2024-10-18 19:57:31.510 [info] > git for-each-ref --sort -committerdate --format %(refname) %(objectname) %(*objectname) [5ms]
2024-10-18 19:57:31.642 [info] > git status -z -uall [145ms]
2024-10-18 19:57:31.994 [info] > git log --format=%H%n%aN%n%aE%n%at%n%ct%n%P%n%D%n%B -z --shortstat --diff-merges=first-parent -n50 --skip=0 --topo-order --decorate=full --stdin [2644ms]
2024-10-18 19:57:36.661 [info] > git config --get commit.template [3ms]
2024-10-18 19:57:36.666 [info] > git for-each-ref --format=%(refname)%00%(upstream:short)%00%(objectname)%00%(upstream:track)%00%(upstream:remotename)%00%(upstream:remoteref) refs/heads/main refs/remotes/main [5ms]
2024-10-18 19:57:36.681 [info] > git for-each-ref --sort -committerdate --format %(refname) %(objectname) %(*objectname) [4ms]
2024-10-18 19:57:36.804 [info] > git status -z -uall [131ms]
2024-10-18 19:57:38.083 [info] > git show --textconv HEAD:register.html [7ms]
2024-10-18 19:57:38.087 [info] > git ls-tree -l HEAD -- /home/ec2-user/register.html [4ms]
2024-10-18 19:57:39.046 [info] > git log --format=%H%n%aN%n%aE%n%at%n%ct%n%P%n%D%n%B -z --shortstat --diff-merges=first-parent -n50 --skip=0 --topo-order --decorate=full --stdin [2567ms]
2024-10-18 19:57:41.820 [info] > git config --get commit.template [4ms]
2024-10-18 19:57:41.821 [info] > git for-each-ref --format=%(refname)%00%(upstream:short)%00%(objectname)%00%(upstream:track)%00%(upstream:remotename)%00%(upstream:remoteref) refs/heads/main refs/remotes/main [2ms]
2024-10-18 19:57:41.831 [info] > git for-each-ref --sort -committerdate --format %(refname) %(objectname) %(*objectname) [3ms]
2024-10-18 19:57:41.909 [info] > git status -z -uall [86ms]
2024-10-18 19:57:46.920 [info] > git config --get commit.template [4ms]
2024-10-18 19:57:46.922 [info] > git for-each-ref --format=%(refname)%00%(upstream:short)%00%(objectname)%00%(upstream:track)%00%(upstream:remotename)%00%(upstream:remoteref) refs/heads/main refs/remotes/main [4ms]
2024-10-18 19:57:46.957 [info] > git for-each-ref --sort -committerdate --format %(refname) %(objectname) %(*objectname) [27ms]
2024-10-18 19:57:47.012 [info] > git status -z -uall [87ms]
2024-10-18 19:57:52.020 [info] > git config --get commit.template [4ms]
2024-10-18 19:57:52.022 [info] > git for-each-ref --format=%(refname)%00%(upstream:short)%00%(objectname)%00%(upstream:track)%00%(upstream:remotename)%00%(upstream:remoteref) refs/heads/main refs/remotes/main [2ms]
2024-10-18 19:57:52.030 [info] > git for-each-ref --sort -committerdate --format %(refname) %(objectname) %(*objectname) [1ms]
2024-10-18 19:57:52.110 [info] > git status -z -uall [87ms]
2024-10-18 19:57:59.875 [info] > git config --get commit.template [3ms]
2024-10-18 19:57:59.883 [info] > git for-each-ref --format=%(refname)%00%(upstream:short)%00%(objectname)%00%(upstream:track)%00%(upstream:remotename)%00%(upstream:remoteref) refs/heads/main refs/remotes/main [8ms]
2024-10-18 19:57:59.893 [info] > git for-each-ref --sort -committerdate --format %(refname) %(objectname) %(*objectname) [3ms]
2024-10-18 19:57:59.970 [info] > git status -z -uall [84ms]
2024-10-18 19:58:04.987 [info] > git config --get commit.template [3ms]
2024-10-18 19:58:04.988 [info] > git for-each-ref --format=%(refname)%00%(upstream:short)%00%(objectname)%00%(upstream:track)%00%(upstream:remotename)%00%(upstream:remoteref) refs/heads/main refs/remotes/main [1ms]
2024-10-18 19:58:04.998 [info] > git for-each-ref --sort -committerdate --format %(refname) %(objectname) %(*objectname) [2ms]
2024-10-18 19:58:05.076 [info] > git status -z -uall [86ms]
2024-10-18 19:58:10.089 [info] > git config --get commit.template [3ms]
2024-10-18 19:58:10.091 [info] > git for-each-ref --format=%(refname)%00%(upstream:short)%00%(objectname)%00%(upstream:track)%00%(upstream:remotename)%00%(upstream:remoteref) refs/heads/main refs/remotes/main [3ms]
2024-10-18 19:58:10.100 [info] > git for-each-ref --sort -committerdate --format %(refname) %(objectname) %(*objectname) [3ms]
2024-10-18 19:58:10.179 [info] > git status -z -uall [86ms]
2024-10-18 19:58:15.187 [info] > git config --get commit.template [3ms]
2024-10-18 19:58:15.190 [info] > git for-each-ref --format=%(refname)%00%(upstream:short)%00%(objectname)%00%(upstream:track)%00%(upstream:remotename)%00%(upstream:remoteref) refs/heads/main refs/remotes/main [2ms]
2024-10-18 19:58:15.199 [info] > git for-each-ref --sort -committerdate --format %(refname) %(objectname) %(*objectname) [2ms]
2024-10-18 19:58:15.280 [info] > git status -z -uall [87ms]
