2024-10-18 21:15:31.196 [info] [main] Log level: Info
2024-10-18 21:15:31.196 [info] [main] Validating found git in: "git"
2024-10-18 21:15:31.196 [info] [main] Using git "2.40.1" from "git"
2024-10-18 21:15:31.196 [info] [Model][doInitialScan] Initial repository scan started
2024-10-18 21:15:31.196 [info] > git rev-parse --show-toplevel [13ms]
2024-10-18 21:15:31.206 [info] > git rev-parse --git-dir --git-common-dir [11ms]
2024-10-18 21:15:31.245 [info] [Model][openRepository] Opened repository: /home/ec2-user
2024-10-18 21:15:31.271 [info] > git rev-parse --show-toplevel [10ms]
2024-10-18 21:15:31.273 [info] > git config --get commit.template [13ms]
2024-10-18 21:15:31.286 [info] > git for-each-ref --format=%(refname)%00%(upstream:short)%00%(objectname)%00%(upstream:track)%00%(upstream:remotename)%00%(upstream:remoteref) refs/heads/main refs/remotes/main [18ms]
2024-10-18 21:15:31.287 [info] > git rev-parse --show-toplevel [6ms]
2024-10-18 21:15:31.310 [info] > git rev-parse --show-toplevel [18ms]
2024-10-18 21:15:31.315 [info] > git for-each-ref --sort -committerdate --format %(refname) %(objectname) %(*objectname) [7ms]
2024-10-18 21:15:31.685 [info] > git status -z -uall [386ms]
2024-10-18 21:15:31.724 [info] > git fetch [480ms]
2024-10-18 21:15:31.734 [info] > git rev-parse --show-toplevel [419ms]
2024-10-18 21:15:31.759 [info] > git for-each-ref --format=%(refname)%00%(upstream:short)%00%(objectname)%00%(upstream:track)%00%(upstream:remotename)%00%(upstream:remoteref) refs/heads/main refs/remotes/main [41ms]
2024-10-18 21:15:31.767 [info] > git rev-parse --show-toplevel [8ms]
2024-10-18 21:15:31.768 [info] > git config --get commit.template [18ms]
2024-10-18 21:15:31.768 [info] > git config --get commit.template [22ms]
2024-10-18 21:15:31.776 [info] > git config --local branch.main.vscode-merge-base [15ms]
2024-10-18 21:15:31.776 [warning] [Git][config] git config failed: Failed to execute git
2024-10-18 21:15:31.816 [info] > git rev-parse --show-toplevel [40ms]
2024-10-18 21:15:31.930 [info] > git for-each-ref --format=%(refname)%00%(upstream:short)%00%(objectname)%00%(upstream:track)%00%(upstream:remotename)%00%(upstream:remoteref) refs/heads/main refs/remotes/main [143ms]
2024-10-18 21:15:31.930 [info] > git for-each-ref --format=%(refname)%00%(upstream:short)%00%(objectname)%00%(upstream:track)%00%(upstream:remotename)%00%(upstream:remoteref) refs/heads/main refs/remotes/main [148ms]
2024-10-18 21:15:31.931 [info] > git reflog main --grep-reflog=branch: Created from *. [153ms]
2024-10-18 21:15:31.974 [info] > git symbolic-ref --short refs/remotes/origin/HEAD [33ms]
2024-10-18 21:15:31.974 [info] fatal: ref refs/remotes/origin/HEAD is not a symbolic ref
2024-10-18 21:15:31.974 [warning] [Repository][getDefaultBranch] Failed to get default branch details: Failed to execute git.
2024-10-18 21:15:31.984 [info] > git rev-parse --show-toplevel [70ms]
2024-10-18 21:15:32.003 [info] [Model][doInitialScan] Initial repository scan completed - repositories (1), closed repositories (0), parent repositories (0), unsafe repositories (0)
2024-10-18 21:15:32.044 [info] > git check-ignore -v -z --stdin [94ms]
2024-10-18 21:15:32.059 [info] > git merge-base refs/heads/main refs/remotes/origin/main [78ms]
2024-10-18 21:15:32.229 [info] > git show --textconv :home.html [214ms]
2024-10-18 21:15:32.234 [info] > git ls-files --stage -- /home/ec2-user/home.html [212ms]
2024-10-18 21:15:32.266 [info] > git diff --name-status -z --diff-filter=ADMR 24583c9bc3f076b6778aec389121510428e8385f...refs/remotes/origin/main [200ms]
2024-10-18 21:15:32.269 [info] > git merge-base refs/heads/main refs/remotes/origin/main [11ms]
2024-10-18 21:15:32.322 [info] > git for-each-ref --sort -committerdate --format %(refname) %(objectname) %(*objectname) [72ms]
2024-10-18 21:15:32.324 [info] > git cat-file -s a9295c0bd967ec707d5c18e27a34686311937093 [86ms]
2024-10-18 21:15:32.356 [info] > git diff --name-status -z --diff-filter=ADMR 24583c9bc3f076b6778aec389121510428e8385f...refs/remotes/origin/main [34ms]
2024-10-18 21:15:32.418 [info] > git status -z -uall [172ms]
2024-10-18 21:15:34.587 [info] > git check-ignore -v -z --stdin [6ms]
2024-10-18 21:15:35.394 [info] > git config --get commit.template [3ms]
2024-10-18 21:15:35.397 [info] > git for-each-ref --format=%(refname)%00%(upstream:short)%00%(objectname)%00%(upstream:track)%00%(upstream:remotename)%00%(upstream:remoteref) refs/heads/main refs/remotes/main [4ms]
2024-10-18 21:15:35.408 [info] > git for-each-ref --sort -committerdate --format %(refname) %(objectname) %(*objectname) [2ms]
2024-10-18 21:15:35.487 [info] > git status -z -uall [88ms]
2024-10-18 21:15:40.500 [info] > git config --get commit.template [3ms]
2024-10-18 21:15:40.501 [info] > git for-each-ref --format=%(refname)%00%(upstream:short)%00%(objectname)%00%(upstream:track)%00%(upstream:remotename)%00%(upstream:remoteref) refs/heads/main refs/remotes/main [2ms]
2024-10-18 21:15:40.511 [info] > git for-each-ref --sort -committerdate --format %(refname) %(objectname) %(*objectname) [1ms]
2024-10-18 21:15:40.591 [info] > git status -z -uall [88ms]
2024-10-18 21:15:42.971 [info] > git show --textconv :server.py [22ms]
2024-10-18 21:15:42.971 [info] > git ls-files --stage -- /home/ec2-user/server.py [17ms]
2024-10-18 21:15:42.978 [info] > git cat-file -s 377ff8d1890abb90ccd3c4a56100e52aac937aae [5ms]
2024-10-18 21:15:49.493 [info] > git config --get commit.template [16ms]
2024-10-18 21:15:49.498 [info] > git for-each-ref --format=%(refname)%00%(upstream:short)%00%(objectname)%00%(upstream:track)%00%(upstream:remotename)%00%(upstream:remoteref) refs/heads/main refs/remotes/main [6ms]
2024-10-18 21:15:49.518 [info] > git for-each-ref --sort -committerdate --format %(refname) %(objectname) %(*objectname) [8ms]
2024-10-18 21:15:49.755 [info] > git status -z -uall [251ms]
2024-10-18 21:15:54.769 [info] > git config --get commit.template [3ms]
2024-10-18 21:15:54.772 [info] > git for-each-ref --format=%(refname)%00%(upstream:short)%00%(objectname)%00%(upstream:track)%00%(upstream:remotename)%00%(upstream:remoteref) refs/heads/main refs/remotes/main [3ms]
2024-10-18 21:15:54.784 [info] > git for-each-ref --sort -committerdate --format %(refname) %(objectname) %(*objectname) [6ms]
2024-10-18 21:15:54.863 [info] > git status -z -uall [89ms]
2024-10-18 21:15:59.884 [info] > git config --get commit.template [4ms]
2024-10-18 21:15:59.885 [info] > git for-each-ref --format=%(refname)%00%(upstream:short)%00%(objectname)%00%(upstream:track)%00%(upstream:remotename)%00%(upstream:remoteref) refs/heads/main refs/remotes/main [1ms]
2024-10-18 21:15:59.895 [info] > git for-each-ref --sort -committerdate --format %(refname) %(objectname) %(*objectname) [3ms]
2024-10-18 21:15:59.973 [info] > git status -z -uall [86ms]
2024-10-18 21:16:53.401 [info] > git config --get commit.template [2ms]
2024-10-18 21:16:53.404 [info] > git for-each-ref --format=%(refname)%00%(upstream:short)%00%(objectname)%00%(upstream:track)%00%(upstream:remotename)%00%(upstream:remoteref) refs/heads/main refs/remotes/main [3ms]
2024-10-18 21:16:53.414 [info] > git for-each-ref --sort -committerdate --format %(refname) %(objectname) %(*objectname) [3ms]
2024-10-18 21:16:53.494 [info] > git status -z -uall [88ms]
2024-10-18 21:16:58.506 [info] > git config --get commit.template [3ms]
2024-10-18 21:16:58.508 [info] > git for-each-ref --format=%(refname)%00%(upstream:short)%00%(objectname)%00%(upstream:track)%00%(upstream:remotename)%00%(upstream:remoteref) refs/heads/main refs/remotes/main [3ms]
2024-10-18 21:16:58.518 [info] > git for-each-ref --sort -committerdate --format %(refname) %(objectname) %(*objectname) [4ms]
2024-10-18 21:16:58.596 [info] > git status -z -uall [87ms]
2024-10-18 21:16:59.432 [info] > git show --textconv :home.html [15ms]
2024-10-18 21:16:59.435 [info] > git ls-files --stage -- /home/ec2-user/home.html [13ms]
2024-10-18 21:16:59.439 [info] > git cat-file -s a9295c0bd967ec707d5c18e27a34686311937093 [1ms]
2024-10-18 21:17:00.954 [info] > git show --textconv :server.py [10ms]
2024-10-18 21:17:00.962 [info] > git ls-files --stage -- /home/ec2-user/server.py [12ms]
2024-10-18 21:17:00.965 [info] > git cat-file -s 377ff8d1890abb90ccd3c4a56100e52aac937aae [1ms]
2024-10-18 21:17:03.608 [info] > git config --get commit.template [3ms]
2024-10-18 21:17:03.610 [info] > git for-each-ref --format=%(refname)%00%(upstream:short)%00%(objectname)%00%(upstream:track)%00%(upstream:remotename)%00%(upstream:remoteref) refs/heads/main refs/remotes/main [3ms]
2024-10-18 21:17:03.620 [info] > git for-each-ref --sort -committerdate --format %(refname) %(objectname) %(*objectname) [2ms]
2024-10-18 21:17:03.700 [info] > git status -z -uall [88ms]
2024-10-18 21:17:08.711 [info] > git config --get commit.template [3ms]
2024-10-18 21:17:08.713 [info] > git for-each-ref --format=%(refname)%00%(upstream:short)%00%(objectname)%00%(upstream:track)%00%(upstream:remotename)%00%(upstream:remoteref) refs/heads/main refs/remotes/main [2ms]
2024-10-18 21:17:08.724 [info] > git for-each-ref --sort -committerdate --format %(refname) %(objectname) %(*objectname) [5ms]
2024-10-18 21:17:08.802 [info] > git status -z -uall [87ms]
2024-10-18 21:17:13.820 [info] > git config --get commit.template [4ms]
2024-10-18 21:17:13.821 [info] > git for-each-ref --format=%(refname)%00%(upstream:short)%00%(objectname)%00%(upstream:track)%00%(upstream:remotename)%00%(upstream:remoteref) refs/heads/main refs/remotes/main [1ms]
2024-10-18 21:17:13.832 [info] > git for-each-ref --sort -committerdate --format %(refname) %(objectname) %(*objectname) [2ms]
2024-10-18 21:17:13.915 [info] > git status -z -uall [91ms]
2024-10-18 21:17:18.937 [info] > git config --get commit.template [4ms]
2024-10-18 21:17:18.939 [info] > git for-each-ref --format=%(refname)%00%(upstream:short)%00%(objectname)%00%(upstream:track)%00%(upstream:remotename)%00%(upstream:remoteref) refs/heads/main refs/remotes/main [5ms]
2024-10-18 21:17:18.948 [info] > git for-each-ref --sort -committerdate --format %(refname) %(objectname) %(*objectname) [2ms]
2024-10-18 21:17:19.028 [info] > git status -z -uall [87ms]
2024-10-18 21:17:24.038 [info] > git config --get commit.template [3ms]
2024-10-18 21:17:24.040 [info] > git for-each-ref --format=%(refname)%00%(upstream:short)%00%(objectname)%00%(upstream:track)%00%(upstream:remotename)%00%(upstream:remoteref) refs/heads/main refs/remotes/main [3ms]
2024-10-18 21:17:24.048 [info] > git for-each-ref --sort -committerdate --format %(refname) %(objectname) %(*objectname) [2ms]
2024-10-18 21:17:24.128 [info] > git status -z -uall [86ms]
2024-10-18 21:17:29.139 [info] > git config --get commit.template [3ms]
2024-10-18 21:17:29.142 [info] > git for-each-ref --format=%(refname)%00%(upstream:short)%00%(objectname)%00%(upstream:track)%00%(upstream:remotename)%00%(upstream:remoteref) refs/heads/main refs/remotes/main [3ms]
2024-10-18 21:17:29.151 [info] > git for-each-ref --sort -committerdate --format %(refname) %(objectname) %(*objectname) [2ms]
2024-10-18 21:17:29.230 [info] > git status -z -uall [87ms]
2024-10-18 21:17:34.244 [info] > git config --get commit.template [3ms]
2024-10-18 21:17:34.246 [info] > git for-each-ref --format=%(refname)%00%(upstream:short)%00%(objectname)%00%(upstream:track)%00%(upstream:remotename)%00%(upstream:remoteref) refs/heads/main refs/remotes/main [3ms]
2024-10-18 21:17:34.256 [info] > git for-each-ref --sort -committerdate --format %(refname) %(objectname) %(*objectname) [3ms]
2024-10-18 21:17:34.336 [info] > git status -z -uall [88ms]
2024-10-18 21:17:39.348 [info] > git config --get commit.template [4ms]
2024-10-18 21:17:39.350 [info] > git for-each-ref --format=%(refname)%00%(upstream:short)%00%(objectname)%00%(upstream:track)%00%(upstream:remotename)%00%(upstream:remoteref) refs/heads/main refs/remotes/main [3ms]
2024-10-18 21:17:39.360 [info] > git for-each-ref --sort -committerdate --format %(refname) %(objectname) %(*objectname) [2ms]
2024-10-18 21:17:39.440 [info] > git status -z -uall [89ms]
2024-10-18 21:17:44.450 [info] > git config --get commit.template [3ms]
2024-10-18 21:17:44.452 [info] > git for-each-ref --format=%(refname)%00%(upstream:short)%00%(objectname)%00%(upstream:track)%00%(upstream:remotename)%00%(upstream:remoteref) refs/heads/main refs/remotes/main [2ms]
2024-10-18 21:17:44.459 [info] > git for-each-ref --sort -committerdate --format %(refname) %(objectname) %(*objectname) [1ms]
2024-10-18 21:17:44.539 [info] > git status -z -uall [86ms]
2024-10-18 21:17:45.664 [info] > git show --textconv :home.html [14ms]
2024-10-18 21:17:45.667 [info] > git ls-files --stage -- /home/ec2-user/home.html [13ms]
2024-10-18 21:17:45.669 [info] > git cat-file -s a9295c0bd967ec707d5c18e27a34686311937093 [1ms]
2024-10-18 21:17:49.553 [info] > git config --get commit.template [3ms]
2024-10-18 21:17:49.555 [info] > git for-each-ref --format=%(refname)%00%(upstream:short)%00%(objectname)%00%(upstream:track)%00%(upstream:remotename)%00%(upstream:remoteref) refs/heads/main refs/remotes/main [3ms]
2024-10-18 21:17:49.563 [info] > git for-each-ref --sort -committerdate --format %(refname) %(objectname) %(*objectname) [1ms]
2024-10-18 21:17:49.644 [info] > git status -z -uall [87ms]
2024-10-18 21:17:53.362 [info] > git show --textconv :server.py [9ms]
2024-10-18 21:17:53.367 [info] > git ls-files --stage -- /home/ec2-user/server.py [8ms]
2024-10-18 21:17:53.371 [info] > git cat-file -s 377ff8d1890abb90ccd3c4a56100e52aac937aae [3ms]
2024-10-18 21:17:54.654 [info] > git config --get commit.template [3ms]
2024-10-18 21:17:54.656 [info] > git for-each-ref --format=%(refname)%00%(upstream:short)%00%(objectname)%00%(upstream:track)%00%(upstream:remotename)%00%(upstream:remoteref) refs/heads/main refs/remotes/main [2ms]
2024-10-18 21:17:54.666 [info] > git for-each-ref --sort -committerdate --format %(refname) %(objectname) %(*objectname) [4ms]
2024-10-18 21:17:54.750 [info] > git status -z -uall [92ms]
2024-10-18 21:17:59.761 [info] > git config --get commit.template [4ms]
2024-10-18 21:17:59.767 [info] > git for-each-ref --format=%(refname)%00%(upstream:short)%00%(objectname)%00%(upstream:track)%00%(upstream:remotename)%00%(upstream:remoteref) refs/heads/main refs/remotes/main [7ms]
2024-10-18 21:17:59.776 [info] > git for-each-ref --sort -committerdate --format %(refname) %(objectname) %(*objectname) [2ms]
2024-10-18 21:17:59.853 [info] > git status -z -uall [84ms]
2024-10-18 21:18:04.868 [info] > git config --get commit.template [3ms]
2024-10-18 21:18:04.869 [info] > git for-each-ref --format=%(refname)%00%(upstream:short)%00%(objectname)%00%(upstream:track)%00%(upstream:remotename)%00%(upstream:remoteref) refs/heads/main refs/remotes/main [2ms]
2024-10-18 21:18:04.881 [info] > git for-each-ref --sort -committerdate --format %(refname) %(objectname) %(*objectname) [2ms]
2024-10-18 21:18:04.960 [info] > git status -z -uall [88ms]
2024-10-18 21:18:11.843 [info] > git config --get commit.template [2ms]
2024-10-18 21:18:11.846 [info] > git for-each-ref --format=%(refname)%00%(upstream:short)%00%(objectname)%00%(upstream:track)%00%(upstream:remotename)%00%(upstream:remoteref) refs/heads/main refs/remotes/main [2ms]
2024-10-18 21:18:11.890 [info] > git for-each-ref --sort -committerdate --format %(refname) %(objectname) %(*objectname) [37ms]
2024-10-18 21:18:11.932 [info] > git status -z -uall [85ms]
2024-10-18 21:18:44.111 [info] > git config --get commit.template [4ms]
2024-10-18 21:18:44.114 [info] > git for-each-ref --format=%(refname)%00%(upstream:short)%00%(objectname)%00%(upstream:track)%00%(upstream:remotename)%00%(upstream:remoteref) refs/heads/main refs/remotes/main [3ms]
2024-10-18 21:18:44.128 [info] > git for-each-ref --sort -committerdate --format %(refname) %(objectname) %(*objectname) [1ms]
2024-10-18 21:18:44.213 [info] > git status -z -uall [97ms]
2024-10-18 21:18:44.224 [info] > git fetch [122ms]
2024-10-18 21:18:44.229 [info] > git config --get commit.template [3ms]
2024-10-18 21:18:44.230 [info] > git for-each-ref --format=%(refname)%00%(upstream:short)%00%(objectname)%00%(upstream:track)%00%(upstream:remotename)%00%(upstream:remoteref) refs/heads/main refs/remotes/main [2ms]
2024-10-18 21:18:44.240 [info] > git for-each-ref --sort -committerdate --format %(refname) %(objectname) %(*objectname) [1ms]
2024-10-18 21:18:44.339 [info] > git status -z -uall [107ms]
2024-10-18 21:18:45.692 [info] > git ls-files --stage -- /home/ec2-user/server.py [7ms]
2024-10-18 21:18:45.695 [info] > git cat-file -s 377ff8d1890abb90ccd3c4a56100e52aac937aae [1ms]
2024-10-18 21:18:45.774 [info] > git show --textconv :server.py [5ms]
2024-10-18 21:18:49.224 [info] > git config --get commit.template [4ms]
2024-10-18 21:18:49.226 [info] > git for-each-ref --format=%(refname)%00%(upstream:short)%00%(objectname)%00%(upstream:track)%00%(upstream:remotename)%00%(upstream:remoteref) refs/heads/main refs/remotes/main [3ms]
2024-10-18 21:18:49.236 [info] > git for-each-ref --sort -committerdate --format %(refname) %(objectname) %(*objectname) [2ms]
2024-10-18 21:18:49.314 [info] > git status -z -uall [86ms]
2024-10-18 21:21:04.843 [info] > git config --get commit.template [6ms]
2024-10-18 21:21:04.846 [info] > git for-each-ref --format=%(refname)%00%(upstream:short)%00%(objectname)%00%(upstream:track)%00%(upstream:remotename)%00%(upstream:remoteref) refs/heads/main refs/remotes/main [5ms]
2024-10-18 21:21:04.855 [info] > git for-each-ref --sort -committerdate --format %(refname) %(objectname) %(*objectname) [1ms]
2024-10-18 21:21:04.934 [info] > git status -z -uall [86ms]
2024-10-18 21:21:09.944 [info] > git config --get commit.template [2ms]
2024-10-18 21:21:09.947 [info] > git for-each-ref --format=%(refname)%00%(upstream:short)%00%(objectname)%00%(upstream:track)%00%(upstream:remotename)%00%(upstream:remoteref) refs/heads/main refs/remotes/main [3ms]
2024-10-18 21:21:09.956 [info] > git for-each-ref --sort -committerdate --format %(refname) %(objectname) %(*objectname) [2ms]
2024-10-18 21:21:10.036 [info] > git status -z -uall [88ms]
2024-10-18 21:21:15.047 [info] > git config --get commit.template [3ms]
2024-10-18 21:21:15.048 [info] > git for-each-ref --format=%(refname)%00%(upstream:short)%00%(objectname)%00%(upstream:track)%00%(upstream:remotename)%00%(upstream:remoteref) refs/heads/main refs/remotes/main [1ms]
2024-10-18 21:21:15.057 [info] > git for-each-ref --sort -committerdate --format %(refname) %(objectname) %(*objectname) [3ms]
2024-10-18 21:21:15.137 [info] > git status -z -uall [87ms]
2024-10-18 21:21:20.151 [info] > git config --get commit.template [6ms]
2024-10-18 21:21:20.157 [info] > git for-each-ref --format=%(refname)%00%(upstream:short)%00%(objectname)%00%(upstream:track)%00%(upstream:remotename)%00%(upstream:remoteref) refs/heads/main refs/remotes/main [6ms]
2024-10-18 21:21:20.176 [info] > git for-each-ref --sort -committerdate --format %(refname) %(objectname) %(*objectname) [3ms]
2024-10-18 21:21:20.297 [info] > git status -z -uall [134ms]
2024-10-18 21:21:27.628 [info] > git config --get commit.template [2ms]
2024-10-18 21:21:27.631 [info] > git for-each-ref --format=%(refname)%00%(upstream:short)%00%(objectname)%00%(upstream:track)%00%(upstream:remotename)%00%(upstream:remoteref) refs/heads/main refs/remotes/main [3ms]
2024-10-18 21:21:27.640 [info] > git for-each-ref --sort -committerdate --format %(refname) %(objectname) %(*objectname) [2ms]
2024-10-18 21:21:27.722 [info] > git status -z -uall [90ms]
2024-10-18 21:21:32.743 [info] > git config --get commit.template [8ms]
2024-10-18 21:21:32.746 [info] > git for-each-ref --format=%(refname)%00%(upstream:short)%00%(objectname)%00%(upstream:track)%00%(upstream:remotename)%00%(upstream:remoteref) refs/heads/main refs/remotes/main [4ms]
2024-10-18 21:21:32.761 [info] > git for-each-ref --sort -committerdate --format %(refname) %(objectname) %(*objectname) [3ms]
2024-10-18 21:21:32.840 [info] > git status -z -uall [88ms]
2024-10-18 21:21:37.863 [info] > git config --get commit.template [9ms]
2024-10-18 21:21:37.868 [info] > git for-each-ref --format=%(refname)%00%(upstream:short)%00%(objectname)%00%(upstream:track)%00%(upstream:remotename)%00%(upstream:remoteref) refs/heads/main refs/remotes/main [5ms]
2024-10-18 21:21:37.896 [info] > git for-each-ref --sort -committerdate --format %(refname) %(objectname) %(*objectname) [11ms]
2024-10-18 21:21:38.106 [info] > git status -z -uall [228ms]
2024-10-18 21:21:46.896 [info] > git config --get commit.template [3ms]
2024-10-18 21:21:46.906 [info] > git for-each-ref --format=%(refname)%00%(upstream:short)%00%(objectname)%00%(upstream:track)%00%(upstream:remotename)%00%(upstream:remoteref) refs/heads/main refs/remotes/main [11ms]
2024-10-18 21:21:46.924 [info] > git for-each-ref --sort -committerdate --format %(refname) %(objectname) %(*objectname) [2ms]
2024-10-18 21:21:47.015 [info] > git status -z -uall [105ms]
2024-10-18 21:21:47.037 [info] > git fetch [153ms]
2024-10-18 21:21:47.044 [info] > git config --get commit.template [3ms]
2024-10-18 21:21:47.045 [info] > git for-each-ref --format=%(refname)%00%(upstream:short)%00%(objectname)%00%(upstream:track)%00%(upstream:remotename)%00%(upstream:remoteref) refs/heads/main refs/remotes/main [2ms]
2024-10-18 21:21:47.054 [info] > git for-each-ref --sort -committerdate --format %(refname) %(objectname) %(*objectname) [3ms]
2024-10-18 21:21:47.156 [info] > git status -z -uall [109ms]
2024-10-18 21:21:48.464 [info] > git ls-files --stage -- /home/ec2-user/server.py [6ms]
2024-10-18 21:21:48.466 [info] > git cat-file -s 377ff8d1890abb90ccd3c4a56100e52aac937aae [1ms]
2024-10-18 21:21:48.548 [info] > git show --textconv :server.py [5ms]
2024-10-18 21:21:52.032 [info] > git config --get commit.template [3ms]
2024-10-18 21:21:52.037 [info] > git for-each-ref --format=%(refname)%00%(upstream:short)%00%(objectname)%00%(upstream:track)%00%(upstream:remotename)%00%(upstream:remoteref) refs/heads/main refs/remotes/main [5ms]
2024-10-18 21:21:52.046 [info] > git for-each-ref --sort -committerdate --format %(refname) %(objectname) %(*objectname) [4ms]
2024-10-18 21:21:52.123 [info] > git status -z -uall [84ms]
2024-10-18 21:21:57.139 [info] > git config --get commit.template [3ms]
2024-10-18 21:21:57.141 [info] > git for-each-ref --format=%(refname)%00%(upstream:short)%00%(objectname)%00%(upstream:track)%00%(upstream:remotename)%00%(upstream:remoteref) refs/heads/main refs/remotes/main [3ms]
2024-10-18 21:21:57.150 [info] > git for-each-ref --sort -committerdate --format %(refname) %(objectname) %(*objectname) [4ms]
2024-10-18 21:21:57.228 [info] > git status -z -uall [84ms]
2024-10-18 21:22:02.239 [info] > git config --get commit.template [4ms]
2024-10-18 21:22:02.241 [info] > git for-each-ref --format=%(refname)%00%(upstream:short)%00%(objectname)%00%(upstream:track)%00%(upstream:remotename)%00%(upstream:remoteref) refs/heads/main refs/remotes/main [2ms]
2024-10-18 21:22:02.250 [info] > git for-each-ref --sort -committerdate --format %(refname) %(objectname) %(*objectname) [4ms]
2024-10-18 21:22:02.330 [info] > git status -z -uall [87ms]
2024-10-18 21:22:26.684 [info] > git config --get commit.template [4ms]
2024-10-18 21:22:26.685 [info] > git for-each-ref --format=%(refname)%00%(upstream:short)%00%(objectname)%00%(upstream:track)%00%(upstream:remotename)%00%(upstream:remoteref) refs/heads/main refs/remotes/main [2ms]
2024-10-18 21:22:26.695 [info] > git for-each-ref --sort -committerdate --format %(refname) %(objectname) %(*objectname) [5ms]
2024-10-18 21:22:26.773 [info] > git status -z -uall [86ms]
2024-10-18 21:22:31.783 [info] > git config --get commit.template [3ms]
2024-10-18 21:22:31.784 [info] > git for-each-ref --format=%(refname)%00%(upstream:short)%00%(objectname)%00%(upstream:track)%00%(upstream:remotename)%00%(upstream:remoteref) refs/heads/main refs/remotes/main [1ms]
2024-10-18 21:22:31.795 [info] > git for-each-ref --sort -committerdate --format %(refname) %(objectname) %(*objectname) [2ms]
2024-10-18 21:22:31.881 [info] > git status -z -uall [94ms]
2024-10-18 21:22:36.890 [info] > git check-ignore -v -z --stdin [8ms]
2024-10-18 21:22:36.893 [info] > git config --get commit.template [4ms]
2024-10-18 21:22:36.895 [info] > git for-each-ref --format=%(refname)%00%(upstream:short)%00%(objectname)%00%(upstream:track)%00%(upstream:remotename)%00%(upstream:remoteref) refs/heads/main refs/remotes/main [3ms]
2024-10-18 21:22:36.903 [info] > git for-each-ref --sort -committerdate --format %(refname) %(objectname) %(*objectname) [3ms]
2024-10-18 21:22:36.981 [info] > git status -z -uall [85ms]
2024-10-18 21:22:40.454 [info] > git show --textconv :home.html [11ms]
2024-10-18 21:22:40.457 [info] > git ls-files --stage -- /home/ec2-user/home.html [11ms]
2024-10-18 21:22:40.460 [info] > git cat-file -s a9295c0bd967ec707d5c18e27a34686311937093 [1ms]
2024-10-18 21:22:41.992 [info] > git config --get commit.template [3ms]
2024-10-18 21:22:41.993 [info] > git for-each-ref --format=%(refname)%00%(upstream:short)%00%(objectname)%00%(upstream:track)%00%(upstream:remotename)%00%(upstream:remoteref) refs/heads/main refs/remotes/main [2ms]
2024-10-18 21:22:42.003 [info] > git for-each-ref --sort -committerdate --format %(refname) %(objectname) %(*objectname) [2ms]
2024-10-18 21:22:42.082 [info] > git status -z -uall [87ms]
2024-10-18 21:22:45.402 [info] > git show --textconv :templates/home.html [7ms]
2024-10-18 21:22:45.408 [info] > git ls-files --stage -- /home/ec2-user/templates/home.html [6ms]
2024-10-18 21:22:45.550 [info] > git check-ignore -v -z --stdin [5ms]
2024-10-18 21:22:47.091 [info] > git config --get commit.template [3ms]
2024-10-18 21:22:47.095 [info] > git for-each-ref --format=%(refname)%00%(upstream:short)%00%(objectname)%00%(upstream:track)%00%(upstream:remotename)%00%(upstream:remoteref) refs/heads/main refs/remotes/main [4ms]
2024-10-18 21:22:47.103 [info] > git for-each-ref --sort -committerdate --format %(refname) %(objectname) %(*objectname) [1ms]
2024-10-18 21:22:47.183 [info] > git status -z -uall [87ms]
2024-10-18 21:22:52.325 [info] > git config --get commit.template [3ms]
2024-10-18 21:22:52.327 [info] > git for-each-ref --format=%(refname)%00%(upstream:short)%00%(objectname)%00%(upstream:track)%00%(upstream:remotename)%00%(upstream:remoteref) refs/heads/main refs/remotes/main [3ms]
2024-10-18 21:22:52.335 [info] > git for-each-ref --sort -committerdate --format %(refname) %(objectname) %(*objectname) [1ms]
2024-10-18 21:22:52.415 [info] > git status -z -uall [87ms]
2024-10-18 21:23:06.466 [info] > git config --get commit.template [3ms]
2024-10-18 21:23:06.468 [info] > git for-each-ref --format=%(refname)%00%(upstream:short)%00%(objectname)%00%(upstream:track)%00%(upstream:remotename)%00%(upstream:remoteref) refs/heads/main refs/remotes/main [3ms]
2024-10-18 21:23:06.476 [info] > git for-each-ref --sort -committerdate --format %(refname) %(objectname) %(*objectname) [2ms]
2024-10-18 21:23:06.554 [info] > git status -z -uall [85ms]
2024-10-18 21:23:11.565 [info] > git config --get commit.template [3ms]
2024-10-18 21:23:11.566 [info] > git for-each-ref --format=%(refname)%00%(upstream:short)%00%(objectname)%00%(upstream:track)%00%(upstream:remotename)%00%(upstream:remoteref) refs/heads/main refs/remotes/main [2ms]
2024-10-18 21:23:11.575 [info] > git for-each-ref --sort -committerdate --format %(refname) %(objectname) %(*objectname) [1ms]
2024-10-18 21:23:11.656 [info] > git status -z -uall [88ms]
2024-10-18 21:23:16.912 [info] > git config --get commit.template [3ms]
2024-10-18 21:23:16.913 [info] > git for-each-ref --format=%(refname)%00%(upstream:short)%00%(objectname)%00%(upstream:track)%00%(upstream:remotename)%00%(upstream:remoteref) refs/heads/main refs/remotes/main [3ms]
2024-10-18 21:23:16.924 [info] > git for-each-ref --sort -committerdate --format %(refname) %(objectname) %(*objectname) [2ms]
2024-10-18 21:23:17.005 [info] > git status -z -uall [88ms]
2024-10-18 21:23:22.016 [info] > git config --get commit.template [4ms]
2024-10-18 21:23:22.018 [info] > git for-each-ref --format=%(refname)%00%(upstream:short)%00%(objectname)%00%(upstream:track)%00%(upstream:remotename)%00%(upstream:remoteref) refs/heads/main refs/remotes/main [3ms]
2024-10-18 21:23:22.028 [info] > git for-each-ref --sort -committerdate --format %(refname) %(objectname) %(*objectname) [2ms]
2024-10-18 21:23:22.107 [info] > git status -z -uall [88ms]
2024-10-18 21:23:27.115 [info] > git config --get commit.template [3ms]
2024-10-18 21:23:27.117 [info] > git for-each-ref --format=%(refname)%00%(upstream:short)%00%(objectname)%00%(upstream:track)%00%(upstream:remotename)%00%(upstream:remoteref) refs/heads/main refs/remotes/main [2ms]
2024-10-18 21:23:27.127 [info] > git for-each-ref --sort -committerdate --format %(refname) %(objectname) %(*objectname) [2ms]
2024-10-18 21:23:27.203 [info] > git status -z -uall [83ms]
2024-10-18 21:23:30.236 [info] > git show --textconv :server.py [9ms]
2024-10-18 21:23:30.246 [info] > git ls-files --stage -- /home/ec2-user/server.py [12ms]
2024-10-18 21:23:30.250 [info] > git cat-file -s 377ff8d1890abb90ccd3c4a56100e52aac937aae [1ms]
2024-10-18 21:23:32.215 [info] > git config --get commit.template [4ms]
2024-10-18 21:23:32.216 [info] > git for-each-ref --format=%(refname)%00%(upstream:short)%00%(objectname)%00%(upstream:track)%00%(upstream:remotename)%00%(upstream:remoteref) refs/heads/main refs/remotes/main [2ms]
2024-10-18 21:23:32.225 [info] > git for-each-ref --sort -committerdate --format %(refname) %(objectname) %(*objectname) [3ms]
2024-10-18 21:23:32.341 [info] > git status -z -uall [123ms]
2024-10-18 21:23:37.352 [info] > git config --get commit.template [3ms]
2024-10-18 21:23:37.355 [info] > git for-each-ref --format=%(refname)%00%(upstream:short)%00%(objectname)%00%(upstream:track)%00%(upstream:remotename)%00%(upstream:remoteref) refs/heads/main refs/remotes/main [2ms]
2024-10-18 21:23:37.364 [info] > git for-each-ref --sort -committerdate --format %(refname) %(objectname) %(*objectname) [2ms]
2024-10-18 21:23:37.440 [info] > git status -z -uall [84ms]
2024-10-18 21:23:37.979 [info] > git show --textconv :appRegister.js [32ms]
2024-10-18 21:23:37.981 [info] > git ls-files --stage -- /home/ec2-user/appRegister.js [22ms]
2024-10-18 21:23:38.011 [info] > git cat-file -s e69de29bb2d1d6434b8b29ae775ad8c2e48c5391 [21ms]
2024-10-18 21:23:38.179 [info] > git show --textconv :register.html [9ms]
2024-10-18 21:23:38.196 [info] > git ls-files --stage -- /home/ec2-user/register.html [18ms]
2024-10-18 21:23:38.209 [info] > git cat-file -s a2eb688973c60d78fadac8e9ba0944a3e615925a [2ms]
2024-10-18 21:23:41.203 [info] > git show --textconv :templates/register.html [16ms]
2024-10-18 21:23:41.211 [info] > git ls-files --stage -- /home/ec2-user/templates/register.html [17ms]
2024-10-18 21:23:41.278 [info] > git check-ignore -v -z --stdin [7ms]
2024-10-18 21:23:42.452 [info] > git config --get commit.template [5ms]
2024-10-18 21:23:42.453 [info] > git for-each-ref --format=%(refname)%00%(upstream:short)%00%(objectname)%00%(upstream:track)%00%(upstream:remotename)%00%(upstream:remoteref) refs/heads/main refs/remotes/main [2ms]
2024-10-18 21:23:42.494 [info] > git for-each-ref --sort -committerdate --format %(refname) %(objectname) %(*objectname) [34ms]
2024-10-18 21:23:42.539 [info] > git status -z -uall [84ms]
2024-10-18 21:26:26.530 [info] > git config --get commit.template [8ms]
2024-10-18 21:26:26.531 [info] > git for-each-ref --format=%(refname)%00%(upstream:short)%00%(objectname)%00%(upstream:track)%00%(upstream:remotename)%00%(upstream:remoteref) refs/heads/main refs/remotes/main [2ms]
2024-10-18 21:26:26.545 [info] > git for-each-ref --sort -committerdate --format %(refname) %(objectname) %(*objectname) [3ms]
2024-10-18 21:26:26.635 [info] > git status -z -uall [100ms]
2024-10-18 21:26:26.650 [info] > git fetch [136ms]
2024-10-18 21:26:26.654 [info] > git config --get commit.template [2ms]
2024-10-18 21:26:26.656 [info] > git for-each-ref --format=%(refname)%00%(upstream:short)%00%(objectname)%00%(upstream:track)%00%(upstream:remotename)%00%(upstream:remoteref) refs/heads/main refs/remotes/main [2ms]
2024-10-18 21:26:26.669 [info] > git for-each-ref --sort -committerdate --format %(refname) %(objectname) %(*objectname) [7ms]
2024-10-18 21:26:26.781 [info] > git status -z -uall [123ms]
2024-10-18 21:26:28.121 [info] > git ls-files --stage -- /home/ec2-user/templates/register.html [5ms]
2024-10-18 21:26:28.201 [info] > git show --textconv :templates/register.html [5ms]
2024-10-18 21:26:29.482 [info] > git show --textconv :templates/home.html [13ms]
2024-10-18 21:26:29.490 [info] > git ls-files --stage -- /home/ec2-user/templates/home.html [15ms]
2024-10-18 21:26:31.646 [info] > git config --get commit.template [4ms]
2024-10-18 21:26:31.647 [info] > git for-each-ref --format=%(refname)%00%(upstream:short)%00%(objectname)%00%(upstream:track)%00%(upstream:remotename)%00%(upstream:remoteref) refs/heads/main refs/remotes/main [2ms]
2024-10-18 21:26:31.659 [info] > git for-each-ref --sort -committerdate --format %(refname) %(objectname) %(*objectname) [5ms]
2024-10-18 21:26:31.739 [info] > git status -z -uall [90ms]
2024-10-18 21:26:38.546 [info] > git config --get commit.template [3ms]
2024-10-18 21:26:38.548 [info] > git for-each-ref --format=%(refname)%00%(upstream:short)%00%(objectname)%00%(upstream:track)%00%(upstream:remotename)%00%(upstream:remoteref) refs/heads/main refs/remotes/main [2ms]
2024-10-18 21:26:38.555 [info] > git for-each-ref --sort -committerdate --format %(refname) %(objectname) %(*objectname) [1ms]
2024-10-18 21:26:38.634 [info] > git status -z -uall [85ms]
2024-10-18 21:26:40.509 [info] > git show --textconv :templates/register.html [11ms]
2024-10-18 21:26:40.511 [info] > git ls-files --stage -- /home/ec2-user/templates/register.html [9ms]
2024-10-18 21:26:44.443 [info] > git config --get commit.template [3ms]
2024-10-18 21:26:44.445 [info] > git for-each-ref --format=%(refname)%00%(upstream:short)%00%(objectname)%00%(upstream:track)%00%(upstream:remotename)%00%(upstream:remoteref) refs/heads/main refs/remotes/main [2ms]
2024-10-18 21:26:44.454 [info] > git for-each-ref --sort -committerdate --format %(refname) %(objectname) %(*objectname) [1ms]
2024-10-18 21:26:44.533 [info] > git status -z -uall [86ms]
2024-10-18 21:26:46.522 [info] > git show --textconv :templates/home.html [7ms]
2024-10-18 21:26:46.529 [info] > git ls-files --stage -- /home/ec2-user/templates/home.html [7ms]
2024-10-18 21:26:47.170 [info] > git show --textconv :templates/register.html [10ms]
2024-10-18 21:26:47.171 [info] > git ls-files --stage -- /home/ec2-user/templates/register.html [7ms]
2024-10-18 21:26:49.545 [info] > git config --get commit.template [3ms]
2024-10-18 21:26:49.547 [info] > git for-each-ref --format=%(refname)%00%(upstream:short)%00%(objectname)%00%(upstream:track)%00%(upstream:remotename)%00%(upstream:remoteref) refs/heads/main refs/remotes/main [2ms]
2024-10-18 21:26:49.556 [info] > git for-each-ref --sort -committerdate --format %(refname) %(objectname) %(*objectname) [2ms]
2024-10-18 21:26:49.633 [info] > git status -z -uall [85ms]
2024-10-18 21:26:54.645 [info] > git config --get commit.template [3ms]
2024-10-18 21:26:54.647 [info] > git for-each-ref --format=%(refname)%00%(upstream:short)%00%(objectname)%00%(upstream:track)%00%(upstream:remotename)%00%(upstream:remoteref) refs/heads/main refs/remotes/main [2ms]
2024-10-18 21:26:54.655 [info] > git for-each-ref --sort -committerdate --format %(refname) %(objectname) %(*objectname) [1ms]
2024-10-18 21:26:54.733 [info] > git status -z -uall [85ms]
2024-10-18 21:26:59.743 [info] > git config --get commit.template [3ms]
2024-10-18 21:26:59.745 [info] > git for-each-ref --format=%(refname)%00%(upstream:short)%00%(objectname)%00%(upstream:track)%00%(upstream:remotename)%00%(upstream:remoteref) refs/heads/main refs/remotes/main [1ms]
2024-10-18 21:26:59.754 [info] > git for-each-ref --sort -committerdate --format %(refname) %(objectname) %(*objectname) [4ms]
2024-10-18 21:26:59.833 [info] > git status -z -uall [87ms]
2024-10-18 21:27:00.568 [info] > git show --textconv :styles/appHome.css [24ms]
2024-10-18 21:27:00.574 [info] > git ls-files --stage -- /home/ec2-user/styles/appHome.css [14ms]
2024-10-18 21:27:00.582 [info] > git cat-file -s e87ec9501033b88940c02a129330e71cc9bdcaa0 [4ms]
2024-10-18 21:27:04.843 [info] > git config --get commit.template [3ms]
2024-10-18 21:27:04.844 [info] > git for-each-ref --format=%(refname)%00%(upstream:short)%00%(objectname)%00%(upstream:track)%00%(upstream:remotename)%00%(upstream:remoteref) refs/heads/main refs/remotes/main [1ms]
2024-10-18 21:27:04.856 [info] > git for-each-ref --sort -committerdate --format %(refname) %(objectname) %(*objectname) [2ms]
2024-10-18 21:27:04.935 [info] > git status -z -uall [88ms]
2024-10-18 21:27:09.943 [info] > git config --get commit.template [3ms]
2024-10-18 21:27:09.945 [info] > git for-each-ref --format=%(refname)%00%(upstream:short)%00%(objectname)%00%(upstream:track)%00%(upstream:remotename)%00%(upstream:remoteref) refs/heads/main refs/remotes/main [2ms]
2024-10-18 21:27:09.956 [info] > git for-each-ref --sort -committerdate --format %(refname) %(objectname) %(*objectname) [2ms]
2024-10-18 21:27:10.036 [info] > git status -z -uall [89ms]
2024-10-18 21:29:56.031 [info] > git config --get commit.template [4ms]
2024-10-18 21:29:56.035 [info] > git for-each-ref --format=%(refname)%00%(upstream:short)%00%(objectname)%00%(upstream:track)%00%(upstream:remotename)%00%(upstream:remoteref) refs/heads/main refs/remotes/main [4ms]
2024-10-18 21:29:56.048 [info] > git for-each-ref --sort -committerdate --format %(refname) %(objectname) %(*objectname) [1ms]
2024-10-18 21:29:56.138 [info] > git status -z -uall [101ms]
2024-10-18 21:29:56.150 [info] > git fetch [134ms]
2024-10-18 21:29:56.155 [info] > git config --get commit.template [3ms]
2024-10-18 21:29:56.157 [info] > git for-each-ref --format=%(refname)%00%(upstream:short)%00%(objectname)%00%(upstream:track)%00%(upstream:remotename)%00%(upstream:remoteref) refs/heads/main refs/remotes/main [1ms]
2024-10-18 21:29:56.168 [info] > git for-each-ref --sort -committerdate --format %(refname) %(objectname) %(*objectname) [3ms]
2024-10-18 21:29:56.279 [info] > git status -z -uall [120ms]
2024-10-18 21:29:57.550 [info] > git ls-files --stage -- /home/ec2-user/styles/appHome.css [5ms]
2024-10-18 21:29:57.554 [info] > git cat-file -s e87ec9501033b88940c02a129330e71cc9bdcaa0 [1ms]
2024-10-18 21:29:57.633 [info] > git show --textconv :styles/appHome.css [5ms]
2024-10-18 21:30:01.151 [info] > git config --get commit.template [4ms]
2024-10-18 21:30:01.152 [info] > git for-each-ref --format=%(refname)%00%(upstream:short)%00%(objectname)%00%(upstream:track)%00%(upstream:remotename)%00%(upstream:remoteref) refs/heads/main refs/remotes/main [3ms]
2024-10-18 21:30:01.162 [info] > git for-each-ref --sort -committerdate --format %(refname) %(objectname) %(*objectname) [4ms]
2024-10-18 21:30:01.242 [info] > git status -z -uall [88ms]
2024-10-18 21:30:06.254 [info] > git config --get commit.template [3ms]
2024-10-18 21:30:06.257 [info] > git for-each-ref --format=%(refname)%00%(upstream:short)%00%(objectname)%00%(upstream:track)%00%(upstream:remotename)%00%(upstream:remoteref) refs/heads/main refs/remotes/main [4ms]
2024-10-18 21:30:06.267 [info] > git for-each-ref --sort -committerdate --format %(refname) %(objectname) %(*objectname) [4ms]
2024-10-18 21:30:06.345 [info] > git status -z -uall [87ms]
2024-10-18 21:30:09.545 [info] > git show --textconv :server.py [15ms]
2024-10-18 21:30:09.549 [info] > git ls-files --stage -- /home/ec2-user/server.py [15ms]
2024-10-18 21:30:09.552 [info] > git cat-file -s 377ff8d1890abb90ccd3c4a56100e52aac937aae [1ms]
2024-10-18 21:30:11.357 [info] > git config --get commit.template [3ms]
2024-10-18 21:30:11.360 [info] > git for-each-ref --format=%(refname)%00%(upstream:short)%00%(objectname)%00%(upstream:track)%00%(upstream:remotename)%00%(upstream:remoteref) refs/heads/main refs/remotes/main [3ms]
2024-10-18 21:30:11.372 [info] > git for-each-ref --sort -committerdate --format %(refname) %(objectname) %(*objectname) [3ms]
2024-10-18 21:30:11.451 [info] > git status -z -uall [88ms]
2024-10-18 21:30:15.022 [info] > git show --textconv :templates/home.html [10ms]
2024-10-18 21:30:15.024 [info] > git ls-files --stage -- /home/ec2-user/templates/home.html [6ms]
2024-10-18 21:30:16.464 [info] > git config --get commit.template [3ms]
2024-10-18 21:30:16.466 [info] > git for-each-ref --format=%(refname)%00%(upstream:short)%00%(objectname)%00%(upstream:track)%00%(upstream:remotename)%00%(upstream:remoteref) refs/heads/main refs/remotes/main [3ms]
2024-10-18 21:30:16.475 [info] > git for-each-ref --sort -committerdate --format %(refname) %(objectname) %(*objectname) [2ms]
2024-10-18 21:30:16.555 [info] > git status -z -uall [88ms]
2024-10-18 21:30:21.567 [info] > git config --get commit.template [4ms]
2024-10-18 21:30:21.569 [info] > git for-each-ref --format=%(refname)%00%(upstream:short)%00%(objectname)%00%(upstream:track)%00%(upstream:remotename)%00%(upstream:remoteref) refs/heads/main refs/remotes/main [3ms]
2024-10-18 21:30:21.578 [info] > git for-each-ref --sort -committerdate --format %(refname) %(objectname) %(*objectname) [4ms]
2024-10-18 21:30:21.659 [info] > git status -z -uall [88ms]
2024-10-18 21:30:24.359 [info] > git check-ignore -v -z --stdin [7ms]
2024-10-18 21:30:25.702 [info] > git show --textconv :templates/home.html [10ms]
2024-10-18 21:30:25.704 [info] > git ls-files --stage -- /home/ec2-user/templates/home.html [8ms]
2024-10-18 21:30:26.670 [info] > git config --get commit.template [4ms]
2024-10-18 21:30:26.672 [info] > git for-each-ref --format=%(refname)%00%(upstream:short)%00%(objectname)%00%(upstream:track)%00%(upstream:remotename)%00%(upstream:remoteref) refs/heads/main refs/remotes/main [2ms]
2024-10-18 21:30:26.680 [info] > git for-each-ref --sort -committerdate --format %(refname) %(objectname) %(*objectname) [2ms]
2024-10-18 21:30:26.761 [info] > git status -z -uall [88ms]
2024-10-18 21:30:31.770 [info] > git config --get commit.template [4ms]
2024-10-18 21:30:31.771 [info] > git for-each-ref --format=%(refname)%00%(upstream:short)%00%(objectname)%00%(upstream:track)%00%(upstream:remotename)%00%(upstream:remoteref) refs/heads/main refs/remotes/main [2ms]
2024-10-18 21:30:31.783 [info] > git for-each-ref --sort -committerdate --format %(refname) %(objectname) %(*objectname) [4ms]
2024-10-18 21:30:31.864 [info] > git status -z -uall [92ms]
2024-10-18 21:30:36.876 [info] > git config --get commit.template [5ms]
2024-10-18 21:30:36.879 [info] > git for-each-ref --format=%(refname)%00%(upstream:short)%00%(objectname)%00%(upstream:track)%00%(upstream:remotename)%00%(upstream:remoteref) refs/heads/main refs/remotes/main [3ms]
2024-10-18 21:30:36.888 [info] > git for-each-ref --sort -committerdate --format %(refname) %(objectname) %(*objectname) [2ms]
2024-10-18 21:30:36.967 [info] > git status -z -uall [87ms]
2024-10-18 21:30:41.978 [info] > git config --get commit.template [3ms]
2024-10-18 21:30:41.980 [info] > git for-each-ref --format=%(refname)%00%(upstream:short)%00%(objectname)%00%(upstream:track)%00%(upstream:remotename)%00%(upstream:remoteref) refs/heads/main refs/remotes/main [3ms]
2024-10-18 21:30:41.991 [info] > git for-each-ref --sort -committerdate --format %(refname) %(objectname) %(*objectname) [5ms]
2024-10-18 21:30:42.069 [info] > git status -z -uall [87ms]
2024-10-18 21:30:47.078 [info] > git config --get commit.template [2ms]
2024-10-18 21:30:47.080 [info] > git for-each-ref --format=%(refname)%00%(upstream:short)%00%(objectname)%00%(upstream:track)%00%(upstream:remotename)%00%(upstream:remoteref) refs/heads/main refs/remotes/main [3ms]
2024-10-18 21:30:47.090 [info] > git for-each-ref --sort -committerdate --format %(refname) %(objectname) %(*objectname) [4ms]
2024-10-18 21:30:47.170 [info] > git status -z -uall [88ms]
2024-10-18 21:30:52.179 [info] > git config --get commit.template [4ms]
2024-10-18 21:30:52.180 [info] > git for-each-ref --format=%(refname)%00%(upstream:short)%00%(objectname)%00%(upstream:track)%00%(upstream:remotename)%00%(upstream:remoteref) refs/heads/main refs/remotes/main [1ms]
2024-10-18 21:30:52.191 [info] > git for-each-ref --sort -committerdate --format %(refname) %(objectname) %(*objectname) [2ms]
2024-10-18 21:30:52.272 [info] > git status -z -uall [89ms]
2024-10-18 21:30:57.283 [info] > git config --get commit.template [3ms]
2024-10-18 21:30:57.285 [info] > git for-each-ref --format=%(refname)%00%(upstream:short)%00%(objectname)%00%(upstream:track)%00%(upstream:remotename)%00%(upstream:remoteref) refs/heads/main refs/remotes/main [2ms]
2024-10-18 21:30:57.294 [info] > git for-each-ref --sort -committerdate --format %(refname) %(objectname) %(*objectname) [2ms]
2024-10-18 21:30:57.372 [info] > git status -z -uall [85ms]
2024-10-18 21:31:02.382 [info] > git config --get commit.template [3ms]
2024-10-18 21:31:02.384 [info] > git for-each-ref --format=%(refname)%00%(upstream:short)%00%(objectname)%00%(upstream:track)%00%(upstream:remotename)%00%(upstream:remoteref) refs/heads/main refs/remotes/main [2ms]
2024-10-18 21:31:02.396 [info] > git for-each-ref --sort -committerdate --format %(refname) %(objectname) %(*objectname) [4ms]
2024-10-18 21:31:02.476 [info] > git status -z -uall [89ms]
2024-10-18 21:31:07.491 [info] > git config --get commit.template [3ms]
2024-10-18 21:31:07.492 [info] > git for-each-ref --format=%(refname)%00%(upstream:short)%00%(objectname)%00%(upstream:track)%00%(upstream:remotename)%00%(upstream:remoteref) refs/heads/main refs/remotes/main [3ms]
2024-10-18 21:31:07.501 [info] > git for-each-ref --sort -committerdate --format %(refname) %(objectname) %(*objectname) [3ms]
2024-10-18 21:31:07.583 [info] > git status -z -uall [89ms]
2024-10-18 21:31:10.915 [info] > git show --textconv :templates/register.html [11ms]
2024-10-18 21:31:10.918 [info] > git ls-files --stage -- /home/ec2-user/templates/register.html [7ms]
2024-10-18 21:31:12.591 [info] > git config --get commit.template [3ms]
2024-10-18 21:31:12.593 [info] > git for-each-ref --format=%(refname)%00%(upstream:short)%00%(objectname)%00%(upstream:track)%00%(upstream:remotename)%00%(upstream:remoteref) refs/heads/main refs/remotes/main [1ms]
2024-10-18 21:31:12.602 [info] > git for-each-ref --sort -committerdate --format %(refname) %(objectname) %(*objectname) [4ms]
2024-10-18 21:31:12.680 [info] > git status -z -uall [85ms]
2024-10-18 21:31:31.179 [info] > git config --get commit.template [4ms]
2024-10-18 21:31:31.180 [info] > git for-each-ref --format=%(refname)%00%(upstream:short)%00%(objectname)%00%(upstream:track)%00%(upstream:remotename)%00%(upstream:remoteref) refs/heads/main refs/remotes/main [2ms]
2024-10-18 21:31:31.190 [info] > git for-each-ref --sort -committerdate --format %(refname) %(objectname) %(*objectname) [4ms]
2024-10-18 21:31:31.270 [info] > git status -z -uall [88ms]
2024-10-18 21:31:36.288 [info] > git config --get commit.template [4ms]
2024-10-18 21:31:36.290 [info] > git for-each-ref --format=%(refname)%00%(upstream:short)%00%(objectname)%00%(upstream:track)%00%(upstream:remotename)%00%(upstream:remoteref) refs/heads/main refs/remotes/main [3ms]
2024-10-18 21:31:36.299 [info] > git for-each-ref --sort -committerdate --format %(refname) %(objectname) %(*objectname) [2ms]
2024-10-18 21:31:36.377 [info] > git status -z -uall [86ms]
2024-10-18 21:32:06.541 [info] > git config --get commit.template [2ms]
2024-10-18 21:32:06.542 [info] > git for-each-ref --format=%(refname)%00%(upstream:short)%00%(objectname)%00%(upstream:track)%00%(upstream:remotename)%00%(upstream:remoteref) refs/heads/main refs/remotes/main [2ms]
2024-10-18 21:32:06.552 [info] > git for-each-ref --sort -committerdate --format %(refname) %(objectname) %(*objectname) [2ms]
2024-10-18 21:32:06.632 [info] > git status -z -uall [87ms]
2024-10-18 21:32:11.644 [info] > git config --get commit.template [4ms]
2024-10-18 21:32:11.646 [info] > git for-each-ref --format=%(refname)%00%(upstream:short)%00%(objectname)%00%(upstream:track)%00%(upstream:remotename)%00%(upstream:remoteref) refs/heads/main refs/remotes/main [3ms]
2024-10-18 21:32:11.655 [info] > git for-each-ref --sort -committerdate --format %(refname) %(objectname) %(*objectname) [2ms]
2024-10-18 21:32:11.733 [info] > git status -z -uall [85ms]
2024-10-18 21:32:16.747 [info] > git config --get commit.template [4ms]
2024-10-18 21:32:16.750 [info] > git for-each-ref --format=%(refname)%00%(upstream:short)%00%(objectname)%00%(upstream:track)%00%(upstream:remotename)%00%(upstream:remoteref) refs/heads/main refs/remotes/main [3ms]
2024-10-18 21:32:16.759 [info] > git for-each-ref --sort -committerdate --format %(refname) %(objectname) %(*objectname) [2ms]
2024-10-18 21:32:16.839 [info] > git status -z -uall [88ms]
2024-10-18 21:32:22.747 [info] > git config --get commit.template [3ms]
2024-10-18 21:32:22.749 [info] > git for-each-ref --format=%(refname)%00%(upstream:short)%00%(objectname)%00%(upstream:track)%00%(upstream:remotename)%00%(upstream:remoteref) refs/heads/main refs/remotes/main [2ms]
2024-10-18 21:32:22.757 [info] > git for-each-ref --sort -committerdate --format %(refname) %(objectname) %(*objectname) [1ms]
2024-10-18 21:32:22.837 [info] > git status -z -uall [86ms]
2024-10-18 21:32:27.846 [info] > git config --get commit.template [2ms]
2024-10-18 21:32:27.849 [info] > git for-each-ref --format=%(refname)%00%(upstream:short)%00%(objectname)%00%(upstream:track)%00%(upstream:remotename)%00%(upstream:remoteref) refs/heads/main refs/remotes/main [3ms]
2024-10-18 21:32:27.860 [info] > git for-each-ref --sort -committerdate --format %(refname) %(objectname) %(*objectname) [3ms]
2024-10-18 21:32:27.936 [info] > git status -z -uall [85ms]
2024-10-18 21:32:32.945 [info] > git config --get commit.template [3ms]
2024-10-18 21:32:32.947 [info] > git for-each-ref --format=%(refname)%00%(upstream:short)%00%(objectname)%00%(upstream:track)%00%(upstream:remotename)%00%(upstream:remoteref) refs/heads/main refs/remotes/main [2ms]
2024-10-18 21:32:32.956 [info] > git for-each-ref --sort -committerdate --format %(refname) %(objectname) %(*objectname) [2ms]
2024-10-18 21:32:33.040 [info] > git status -z -uall [92ms]
2024-10-18 21:32:34.576 [info] > git show --textconv :templates/home.html [12ms]
2024-10-18 21:32:34.578 [info] > git ls-files --stage -- /home/ec2-user/templates/home.html [8ms]
2024-10-18 21:32:38.051 [info] > git config --get commit.template [4ms]
2024-10-18 21:32:38.053 [info] > git for-each-ref --format=%(refname)%00%(upstream:short)%00%(objectname)%00%(upstream:track)%00%(upstream:remotename)%00%(upstream:remoteref) refs/heads/main refs/remotes/main [3ms]
2024-10-18 21:32:38.062 [info] > git for-each-ref --sort -committerdate --format %(refname) %(objectname) %(*objectname) [4ms]
2024-10-18 21:32:38.140 [info] > git status -z -uall [86ms]
2024-10-18 21:32:43.151 [info] > git config --get commit.template [4ms]
2024-10-18 21:32:43.155 [info] > git for-each-ref --format=%(refname)%00%(upstream:short)%00%(objectname)%00%(upstream:track)%00%(upstream:remotename)%00%(upstream:remoteref) refs/heads/main refs/remotes/main [3ms]
2024-10-18 21:32:43.164 [info] > git for-each-ref --sort -committerdate --format %(refname) %(objectname) %(*objectname) [2ms]
2024-10-18 21:32:43.242 [info] > git status -z -uall [86ms]
2024-10-18 21:32:48.252 [info] > git config --get commit.template [3ms]
2024-10-18 21:32:48.255 [info] > git for-each-ref --format=%(refname)%00%(upstream:short)%00%(objectname)%00%(upstream:track)%00%(upstream:remotename)%00%(upstream:remoteref) refs/heads/main refs/remotes/main [4ms]
2024-10-18 21:32:48.264 [info] > git for-each-ref --sort -committerdate --format %(refname) %(objectname) %(*objectname) [2ms]
2024-10-18 21:32:48.343 [info] > git status -z -uall [87ms]
2024-10-18 21:32:53.354 [info] > git config --get commit.template [4ms]
2024-10-18 21:32:53.356 [info] > git for-each-ref --format=%(refname)%00%(upstream:short)%00%(objectname)%00%(upstream:track)%00%(upstream:remotename)%00%(upstream:remoteref) refs/heads/main refs/remotes/main [2ms]
2024-10-18 21:32:53.365 [info] > git for-each-ref --sort -committerdate --format %(refname) %(objectname) %(*objectname) [3ms]
2024-10-18 21:32:53.443 [info] > git status -z -uall [85ms]
2024-10-18 21:32:55.741 [info] > git check-ignore -v -z --stdin [6ms]
2024-10-18 21:32:56.417 [info] > git fetch [71ms]
2024-10-18 21:32:56.423 [info] > git config --get commit.template [3ms]
2024-10-18 21:32:56.424 [info] > git for-each-ref --format=%(refname)%00%(upstream:short)%00%(objectname)%00%(upstream:track)%00%(upstream:remotename)%00%(upstream:remoteref) refs/heads/main refs/remotes/main [2ms]
2024-10-18 21:32:56.435 [info] > git for-each-ref --sort -committerdate --format %(refname) %(objectname) %(*objectname) [2ms]
2024-10-18 21:32:56.516 [info] > git status -z -uall [90ms]
2024-10-18 21:32:56.725 [info] > git show --textconv :templates/home.html [20ms]
2024-10-18 21:32:56.725 [info] > git ls-files --stage -- /home/ec2-user/templates/home.html [15ms]
2024-10-18 21:32:57.813 [info] > git ls-files --stage -- /home/ec2-user/templates/home.html [5ms]
2024-10-18 21:32:57.965 [info] > git show --textconv :templates/home.html [5ms]
2024-10-18 21:32:58.456 [info] > git config --get commit.template [4ms]
2024-10-18 21:32:58.457 [info] > git for-each-ref --format=%(refname)%00%(upstream:short)%00%(objectname)%00%(upstream:track)%00%(upstream:remotename)%00%(upstream:remoteref) refs/heads/main refs/remotes/main [2ms]
2024-10-18 21:32:58.467 [info] > git for-each-ref --sort -committerdate --format %(refname) %(objectname) %(*objectname) [1ms]
2024-10-18 21:32:58.543 [info] > git status -z -uall [84ms]
2024-10-18 21:33:03.553 [info] > git config --get commit.template [3ms]
2024-10-18 21:33:03.555 [info] > git for-each-ref --format=%(refname)%00%(upstream:short)%00%(objectname)%00%(upstream:track)%00%(upstream:remotename)%00%(upstream:remoteref) refs/heads/main refs/remotes/main [3ms]
2024-10-18 21:33:03.565 [info] > git for-each-ref --sort -committerdate --format %(refname) %(objectname) %(*objectname) [3ms]
2024-10-18 21:33:03.647 [info] > git status -z -uall [90ms]
2024-10-18 21:33:08.655 [info] > git config --get commit.template [3ms]
2024-10-18 21:33:08.657 [info] > git for-each-ref --format=%(refname)%00%(upstream:short)%00%(objectname)%00%(upstream:track)%00%(upstream:remotename)%00%(upstream:remoteref) refs/heads/main refs/remotes/main [2ms]
2024-10-18 21:33:08.666 [info] > git for-each-ref --sort -committerdate --format %(refname) %(objectname) %(*objectname) [1ms]
2024-10-18 21:33:08.744 [info] > git status -z -uall [85ms]
2024-10-18 21:33:13.754 [info] > git config --get commit.template [3ms]
2024-10-18 21:33:13.756 [info] > git for-each-ref --format=%(refname)%00%(upstream:short)%00%(objectname)%00%(upstream:track)%00%(upstream:remotename)%00%(upstream:remoteref) refs/heads/main refs/remotes/main [2ms]
2024-10-18 21:33:13.765 [info] > git for-each-ref --sort -committerdate --format %(refname) %(objectname) %(*objectname) [3ms]
2024-10-18 21:33:13.843 [info] > git status -z -uall [86ms]
2024-10-18 21:33:22.726 [info] > git config --get commit.template [3ms]
2024-10-18 21:33:22.727 [info] > git for-each-ref --format=%(refname)%00%(upstream:short)%00%(objectname)%00%(upstream:track)%00%(upstream:remotename)%00%(upstream:remoteref) refs/heads/main refs/remotes/main [2ms]
2024-10-18 21:33:22.737 [info] > git for-each-ref --sort -committerdate --format %(refname) %(objectname) %(*objectname) [3ms]
2024-10-18 21:33:22.814 [info] > git status -z -uall [86ms]
2024-10-18 21:33:24.518 [info] > git show --textconv :appHome.js [11ms]
2024-10-18 21:33:24.521 [info] > git ls-files --stage -- /home/ec2-user/appHome.js [11ms]
2024-10-18 21:33:24.523 [info] > git cat-file -s e69de29bb2d1d6434b8b29ae775ad8c2e48c5391 [1ms]
2024-10-18 21:33:27.389 [info] > git show --textconv :templates/home.html [6ms]
2024-10-18 21:33:27.396 [info] > git ls-files --stage -- /home/ec2-user/templates/home.html [6ms]
2024-10-18 21:33:27.825 [info] > git config --get commit.template [4ms]
2024-10-18 21:33:27.826 [info] > git for-each-ref --format=%(refname)%00%(upstream:short)%00%(objectname)%00%(upstream:track)%00%(upstream:remotename)%00%(upstream:remoteref) refs/heads/main refs/remotes/main [2ms]
2024-10-18 21:33:27.836 [info] > git for-each-ref --sort -committerdate --format %(refname) %(objectname) %(*objectname) [2ms]
2024-10-18 21:33:27.914 [info] > git status -z -uall [86ms]
2024-10-18 21:33:32.923 [info] > git config --get commit.template [3ms]
2024-10-18 21:33:32.924 [info] > git for-each-ref --format=%(refname)%00%(upstream:short)%00%(objectname)%00%(upstream:track)%00%(upstream:remotename)%00%(upstream:remoteref) refs/heads/main refs/remotes/main [2ms]
2024-10-18 21:33:32.934 [info] > git for-each-ref --sort -committerdate --format %(refname) %(objectname) %(*objectname) [4ms]
2024-10-18 21:33:33.013 [info] > git status -z -uall [87ms]
2024-10-18 21:33:38.020 [info] > git config --get commit.template [3ms]
2024-10-18 21:33:38.022 [info] > git for-each-ref --format=%(refname)%00%(upstream:short)%00%(objectname)%00%(upstream:track)%00%(upstream:remotename)%00%(upstream:remoteref) refs/heads/main refs/remotes/main [2ms]
2024-10-18 21:33:38.032 [info] > git for-each-ref --sort -committerdate --format %(refname) %(objectname) %(*objectname) [2ms]
2024-10-18 21:33:38.112 [info] > git status -z -uall [88ms]
2024-10-18 21:33:43.120 [info] > git config --get commit.template [3ms]
2024-10-18 21:33:43.122 [info] > git for-each-ref --format=%(refname)%00%(upstream:short)%00%(objectname)%00%(upstream:track)%00%(upstream:remotename)%00%(upstream:remoteref) refs/heads/main refs/remotes/main [2ms]
2024-10-18 21:33:43.132 [info] > git for-each-ref --sort -committerdate --format %(refname) %(objectname) %(*objectname) [2ms]
2024-10-18 21:33:43.210 [info] > git status -z -uall [86ms]
2024-10-18 21:33:48.748 [info] > git config --get commit.template [2ms]
2024-10-18 21:33:48.751 [info] > git for-each-ref --format=%(refname)%00%(upstream:short)%00%(objectname)%00%(upstream:track)%00%(upstream:remotename)%00%(upstream:remoteref) refs/heads/main refs/remotes/main [3ms]
2024-10-18 21:33:48.761 [info] > git for-each-ref --sort -committerdate --format %(refname) %(objectname) %(*objectname) [2ms]
2024-10-18 21:33:48.838 [info] > git status -z -uall [86ms]
2024-10-18 21:33:53.850 [info] > git config --get commit.template [3ms]
2024-10-18 21:33:53.855 [info] > git for-each-ref --format=%(refname)%00%(upstream:short)%00%(objectname)%00%(upstream:track)%00%(upstream:remotename)%00%(upstream:remoteref) refs/heads/main refs/remotes/main [6ms]
2024-10-18 21:33:53.864 [info] > git for-each-ref --sort -committerdate --format %(refname) %(objectname) %(*objectname) [1ms]
2024-10-18 21:33:53.942 [info] > git status -z -uall [86ms]
2024-10-18 21:33:58.964 [info] > git config --get commit.template [5ms]
2024-10-18 21:33:58.965 [info] > git for-each-ref --format=%(refname)%00%(upstream:short)%00%(objectname)%00%(upstream:track)%00%(upstream:remotename)%00%(upstream:remoteref) refs/heads/main refs/remotes/main [1ms]
2024-10-18 21:33:58.986 [info] > git for-each-ref --sort -committerdate --format %(refname) %(objectname) %(*objectname) [4ms]
2024-10-18 21:33:59.069 [info] > git status -z -uall [95ms]
2024-10-18 21:34:01.394 [info] > git show --textconv :styles/appHome.css [8ms]
2024-10-18 21:34:01.399 [info] > git ls-files --stage -- /home/ec2-user/styles/appHome.css [9ms]
2024-10-18 21:34:01.405 [info] > git cat-file -s e87ec9501033b88940c02a129330e71cc9bdcaa0 [2ms]
2024-10-18 21:34:04.078 [info] > git config --get commit.template [2ms]
2024-10-18 21:34:04.081 [info] > git for-each-ref --format=%(refname)%00%(upstream:short)%00%(objectname)%00%(upstream:track)%00%(upstream:remotename)%00%(upstream:remoteref) refs/heads/main refs/remotes/main [3ms]
2024-10-18 21:34:04.090 [info] > git for-each-ref --sort -committerdate --format %(refname) %(objectname) %(*objectname) [1ms]
2024-10-18 21:34:04.169 [info] > git status -z -uall [86ms]
2024-10-18 21:34:09.178 [info] > git config --get commit.template [3ms]
2024-10-18 21:34:09.180 [info] > git for-each-ref --format=%(refname)%00%(upstream:short)%00%(objectname)%00%(upstream:track)%00%(upstream:remotename)%00%(upstream:remoteref) refs/heads/main refs/remotes/main [2ms]
2024-10-18 21:34:09.191 [info] > git for-each-ref --sort -committerdate --format %(refname) %(objectname) %(*objectname) [4ms]
2024-10-18 21:34:09.268 [info] > git status -z -uall [86ms]
2024-10-18 21:34:13.619 [info] > git check-ignore -v -z --stdin [84ms]
2024-10-18 21:34:14.292 [info] > git config --get commit.template [10ms]
2024-10-18 21:34:14.303 [info] > git for-each-ref --format=%(refname)%00%(upstream:short)%00%(objectname)%00%(upstream:track)%00%(upstream:remotename)%00%(upstream:remoteref) refs/heads/main refs/remotes/main [12ms]
2024-10-18 21:34:14.334 [info] > git for-each-ref --sort -committerdate --format %(refname) %(objectname) %(*objectname) [15ms]
2024-10-18 21:34:14.675 [info] > git status -z -uall [364ms]
2024-10-18 21:34:16.746 [info] > git check-ignore -v -z --stdin [92ms]
2024-10-18 21:34:19.686 [info] > git config --get commit.template [4ms]
2024-10-18 21:34:19.691 [info] > git for-each-ref --format=%(refname)%00%(upstream:short)%00%(objectname)%00%(upstream:track)%00%(upstream:remotename)%00%(upstream:remoteref) refs/heads/main refs/remotes/main [5ms]
2024-10-18 21:34:19.706 [info] > git for-each-ref --sort -committerdate --format %(refname) %(objectname) %(*objectname) [4ms]
2024-10-18 21:34:19.826 [info] > git status -z -uall [128ms]
2024-10-18 21:34:20.082 [info] > git check-ignore -v -z --stdin [111ms]
2024-10-18 21:34:20.684 [info] > git log --format=%H%n%aN%n%aE%n%at%n%ct%n%P%n%D%n%B -z --shortstat --diff-merges=first-parent -n50 --skip=0 --topo-order --decorate=full --stdin [7675ms]
2024-10-18 21:34:24.836 [info] > git config --get commit.template [2ms]
2024-10-18 21:34:24.839 [info] > git for-each-ref --format=%(refname)%00%(upstream:short)%00%(objectname)%00%(upstream:track)%00%(upstream:remotename)%00%(upstream:remoteref) refs/heads/main refs/remotes/main [3ms]
2024-10-18 21:34:24.850 [info] > git for-each-ref --sort -committerdate --format %(refname) %(objectname) %(*objectname) [4ms]
2024-10-18 21:34:24.929 [info] > git status -z -uall [88ms]
2024-10-18 21:34:29.938 [info] > git config --get commit.template [4ms]
2024-10-18 21:34:29.940 [info] > git for-each-ref --format=%(refname)%00%(upstream:short)%00%(objectname)%00%(upstream:track)%00%(upstream:remotename)%00%(upstream:remoteref) refs/heads/main refs/remotes/main [2ms]
2024-10-18 21:34:29.948 [info] > git for-each-ref --sort -committerdate --format %(refname) %(objectname) %(*objectname) [2ms]
2024-10-18 21:34:30.028 [info] > git status -z -uall [86ms]
2024-10-18 21:34:31.071 [info] > git show --textconv HEAD:home.html [4ms]
2024-10-18 21:34:31.073 [info] > git ls-tree -l HEAD -- /home/ec2-user/home.html [3ms]
2024-10-18 21:34:31.580 [info] > git check-ignore -v -z --stdin [7ms]
2024-10-18 21:34:32.375 [info] > git show --textconv HEAD:appHome.js [4ms]
2024-10-18 21:34:32.380 [info] > git ls-tree -l HEAD -- /home/ec2-user/appHome.js [6ms]
2024-10-18 21:34:39.125 [info] > git ls-tree -l HEAD -- /home/ec2-user/appHome.js [3ms]
2024-10-18 21:34:39.130 [info] > git config --get commit.template [6ms]
2024-10-18 21:34:39.132 [info] > git for-each-ref --format=%(refname)%00%(upstream:short)%00%(objectname)%00%(upstream:track)%00%(upstream:remotename)%00%(upstream:remoteref) refs/heads/main refs/remotes/main [2ms]
2024-10-18 21:34:39.147 [info] > git for-each-ref --sort -committerdate --format %(refname) %(objectname) %(*objectname) [3ms]
2024-10-18 21:34:39.222 [info] > git status -z -uall [88ms]
2024-10-18 21:34:42.845 [info] > git show --textconv HEAD:.bash_history [10ms]
2024-10-18 21:34:42.850 [info] > git ls-tree -l HEAD -- /home/ec2-user/.bash_history [8ms]
2024-10-18 21:34:43.435 [info] > git show --textconv HEAD:appHome.js [4ms]
2024-10-18 21:34:43.437 [info] > git ls-tree -l HEAD -- /home/ec2-user/appHome.js [3ms]
2024-10-18 21:34:44.233 [info] > git config --get commit.template [3ms]
2024-10-18 21:34:44.235 [info] > git for-each-ref --format=%(refname)%00%(upstream:short)%00%(objectname)%00%(upstream:track)%00%(upstream:remotename)%00%(upstream:remoteref) refs/heads/main refs/remotes/main [3ms]
2024-10-18 21:34:44.245 [info] > git for-each-ref --sort -committerdate --format %(refname) %(objectname) %(*objectname) [2ms]
2024-10-18 21:34:44.322 [info] > git status -z -uall [85ms]
2024-10-18 21:34:49.333 [info] > git config --get commit.template [3ms]
2024-10-18 21:34:49.338 [info] > git for-each-ref --format=%(refname)%00%(upstream:short)%00%(objectname)%00%(upstream:track)%00%(upstream:remotename)%00%(upstream:remoteref) refs/heads/main refs/remotes/main [5ms]
2024-10-18 21:34:49.348 [info] > git for-each-ref --sort -committerdate --format %(refname) %(objectname) %(*objectname) [2ms]
2024-10-18 21:34:49.428 [info] > git status -z -uall [89ms]
2024-10-18 21:34:54.437 [info] > git config --get commit.template [2ms]
2024-10-18 21:34:54.440 [info] > git for-each-ref --format=%(refname)%00%(upstream:short)%00%(objectname)%00%(upstream:track)%00%(upstream:remotename)%00%(upstream:remoteref) refs/heads/main refs/remotes/main [3ms]
2024-10-18 21:34:54.449 [info] > git for-each-ref --sort -committerdate --format %(refname) %(objectname) %(*objectname) [2ms]
2024-10-18 21:34:54.528 [info] > git status -z -uall [87ms]
2024-10-18 21:34:59.544 [info] > git config --get commit.template [4ms]
2024-10-18 21:34:59.546 [info] > git for-each-ref --format=%(refname)%00%(upstream:short)%00%(objectname)%00%(upstream:track)%00%(upstream:remotename)%00%(upstream:remoteref) refs/heads/main refs/remotes/main [3ms]
2024-10-18 21:34:59.556 [info] > git for-each-ref --sort -committerdate --format %(refname) %(objectname) %(*objectname) [2ms]
2024-10-18 21:34:59.634 [info] > git status -z -uall [87ms]
2024-10-18 21:35:04.647 [info] > git config --get commit.template [4ms]
2024-10-18 21:35:04.649 [info] > git for-each-ref --format=%(refname)%00%(upstream:short)%00%(objectname)%00%(upstream:track)%00%(upstream:remotename)%00%(upstream:remoteref) refs/heads/main refs/remotes/main [3ms]
2024-10-18 21:35:04.658 [info] > git for-each-ref --sort -committerdate --format %(refname) %(objectname) %(*objectname) [1ms]
2024-10-18 21:35:04.739 [info] > git status -z -uall [88ms]
2024-10-18 21:35:09.751 [info] > git config --get commit.template [3ms]
2024-10-18 21:35:09.753 [info] > git for-each-ref --format=%(refname)%00%(upstream:short)%00%(objectname)%00%(upstream:track)%00%(upstream:remotename)%00%(upstream:remoteref) refs/heads/main refs/remotes/main [2ms]
2024-10-18 21:35:09.764 [info] > git for-each-ref --sort -committerdate --format %(refname) %(objectname) %(*objectname) [4ms]
2024-10-18 21:35:09.842 [info] > git status -z -uall [87ms]
2024-10-18 21:35:14.852 [info] > git config --get commit.template [3ms]
2024-10-18 21:35:14.854 [info] > git for-each-ref --format=%(refname)%00%(upstream:short)%00%(objectname)%00%(upstream:track)%00%(upstream:remotename)%00%(upstream:remoteref) refs/heads/main refs/remotes/main [2ms]
2024-10-18 21:35:14.863 [info] > git for-each-ref --sort -committerdate --format %(refname) %(objectname) %(*objectname) [1ms]
2024-10-18 21:35:14.944 [info] > git status -z -uall [88ms]
2024-10-18 21:35:22.874 [info] > git ls-tree -l HEAD -- /home/ec2-user/appHome.js [12ms]
2024-10-18 21:35:22.880 [info] > git config --get commit.template [6ms]
2024-10-18 21:35:22.913 [info] > git for-each-ref --format=%(refname)%00%(upstream:short)%00%(objectname)%00%(upstream:track)%00%(upstream:remotename)%00%(upstream:remoteref) refs/heads/main refs/remotes/main [33ms]
2024-10-18 21:35:22.937 [info] > git for-each-ref --sort -committerdate --format %(refname) %(objectname) %(*objectname) [5ms]
2024-10-18 21:35:23.060 [info] > git status -z -uall [139ms]
2024-10-18 21:35:23.200 [info] > git add -A -- . [330ms]
2024-10-18 21:35:24.013 [info] > git show --textconv :.git/COMMIT_EDITMSG [11ms]
2024-10-18 21:35:24.014 [info] > git ls-files --stage -- /home/ec2-user/.git/COMMIT_EDITMSG [8ms]
2024-10-18 21:35:24.309 [info] > git check-ignore -v -z --stdin [6ms]
2024-10-18 21:35:24.727 [info] > git ls-tree -l HEAD -- /home/ec2-user/appHome.js [4ms]
2024-10-18 21:35:24.733 [info] > git ls-files --stage -- /home/ec2-user/.git/COMMIT_EDITMSG [8ms]
2024-10-18 21:35:24.802 [info] > git show --textconv HEAD:appHome.js [1ms]
2024-10-18 21:35:24.818 [info] > git show --textconv :.git/COMMIT_EDITMSG [4ms]
2024-10-18 21:35:51.682 [info] > git show --textconv HEAD:appRegister.js [7ms]
2024-10-18 21:35:51.693 [info] > git ls-tree -l HEAD -- /home/ec2-user/appRegister.js [11ms]
2024-10-18 21:36:01.589 [info] > git show --textconv HEAD:appHome.js [5ms]
2024-10-18 21:36:01.591 [info] > git ls-tree -l HEAD -- /home/ec2-user/appHome.js [5ms]
2024-10-18 21:36:03.277 [info] > git show --textconv HEAD:appRegister.js [4ms]
2024-10-18 21:36:03.279 [info] > git ls-tree -l HEAD -- /home/ec2-user/appRegister.js [3ms]
2024-10-18 21:36:04.814 [info] > git show --textconv HEAD:home.html [4ms]
2024-10-18 21:36:04.816 [info] > git ls-tree -l HEAD -- /home/ec2-user/home.html [2ms]
2024-10-18 21:36:05.650 [info] > git show --textconv HEAD:register.html [4ms]
2024-10-18 21:36:05.652 [info] > git ls-tree -l HEAD -- /home/ec2-user/register.html [3ms]
2024-10-18 21:36:06.153 [info] > git check-ignore -v -z --stdin [6ms]
2024-10-18 21:36:10.166 [info] > git show --textconv HEAD:templates/register.html [4ms]
2024-10-18 21:36:10.167 [info] > git ls-tree -l HEAD -- /home/ec2-user/templates/register.html [2ms]
2024-10-18 21:36:11.371 [info] > git show --textconv HEAD:templates/home.html [3ms]
2024-10-18 21:36:11.374 [info] > git ls-tree -l HEAD -- /home/ec2-user/templates/home.html [3ms]
2024-10-18 21:36:12.221 [info] > git ls-tree -l HEAD -- /home/ec2-user/templates/register.html [8ms]
2024-10-18 21:36:12.792 [info] > git show --textconv HEAD:sql/someQueries.sql [3ms]
2024-10-18 21:36:12.796 [info] > git ls-tree -l HEAD -- /home/ec2-user/sql/someQueries.sql [5ms]
2024-10-18 21:36:14.246 [info] > git show --textconv HEAD:db/db.py [4ms]
2024-10-18 21:36:14.249 [info] > git ls-tree -l HEAD -- /home/ec2-user/db/db.py [3ms]
2024-10-18 21:36:14.749 [info] > git check-ignore -v -z --stdin [7ms]
2024-10-18 21:36:15.664 [info] > git ls-tree -l HEAD -- /home/ec2-user/sql/someQueries.sql [4ms]
