2024-10-18 15:20:11.903 [info] Experiment 'pythonaacf' is active
2024-10-18 15:20:11.903 [info] Experiment 'pythonRecommendTensorboardExt' is active
2024-10-18 15:20:11.903 [info] Experiment 'pythonSurveyNotification' is active
2024-10-18 15:20:11.903 [info] Experiment 'pythonTerminalEnvVarActivation' is active
2024-10-18 15:20:11.903 [info] Experiment 'pythonTestAdapter' is active
2024-10-18 15:20:11.903 [warning] Dir "/home/ec2-user/.pixi/envs" is not watchable (directory does not exist)
2024-10-18 15:20:11.903 [info] Default formatter is set to null for workspace /home/ec2-user
2024-10-18 15:20:11.916 [info] > /usr/bin/python -I ./.vscode-server/extensions/ms-python.python-2024.16.1-linux-x64/python_files/get_output_via_markers.py ./.vscode-server/extensions/ms-python.python-2024.16.1-linux-x64/python_files/interpreterInfo.py
2024-10-18 15:20:11.927 [warning] [Error: Command failed: /usr/bin/python -I /home/ec2-user/.vscode-server/extensions/ms-python.python-2024.16.1-linux-x64/python_files/get_output_via_markers.py /home/ec2-user/.vscode-server/extensions/ms-python.python-2024.16.1-linux-x64/python_files/interpreterInfo.py
Unknown option: -I
usage: /usr/bin/python [option] ... [-c cmd | -m mod | file | -] [arg] ...
Try `python -h' for more information.

	at genericNodeError (node:internal/errors:984:15)
	at wrappedFn (node:internal/errors:538:14)
	at ChildProcess.exithandler (node:child_process:423:12)
	at ChildProcess.emit (node:events:531:35)
	at maybeClose (node:internal/child_process:1105:16)
	at ChildProcess._handle.onexit (node:internal/child_process:305:5)] {
  code: 2,
  killed: false,
  signal: null,
  cmd: '/usr/bin/python -I /home/ec2-user/.vscode-server/extensions/ms-python.python-2024.16.1-linux-x64/python_files/get_output_via_markers.py /home/ec2-user/.vscode-server/extensions/ms-python.python-2024.16.1-linux-x64/python_files/interpreterInfo.py'
}
2024-10-18 15:20:11.927 [error] Support for Python 2.7 has been dropped by the Python extension so certain features may not work, upgrade to using Python 3.
2024-10-18 15:20:11.928 [info] > /usr/bin/python ./.vscode-server/extensions/ms-python.python-2024.16.1-linux-x64/python_files/get_output_via_markers.py ./.vscode-server/extensions/ms-python.python-2024.16.1-linux-x64/python_files/interpreterInfo.py
2024-10-18 15:20:11.964 [info] Python interpreter path: /usr/bin/python
2024-10-18 15:20:12.014 [info] > pyenv which python
2024-10-18 15:20:12.014 [info] cwd: .
2024-10-18 15:20:12.144 [info] > pixi --version
2024-10-18 15:20:13.589 [info] Starting Pylance language server.
2024-10-18 16:09:41.137 [info] Discover tests for workspace name: ec2-user - uri: /home/ec2-user/server.py
2024-10-18 16:10:23.466 [info] Discover tests for workspace name: ec2-user - uri: /home/ec2-user/server.py
2024-10-18 16:51:43.358 [info] Discover tests for workspace name: ec2-user - uri: /home/ec2-user/server.py
2024-10-18 16:54:39.073 [info] Discover tests for workspace name: ec2-user - uri: /home/ec2-user/server.py
2024-10-18 16:55:13.187 [info] Discover tests for workspace name: ec2-user - uri: /home/ec2-user/server.py
2024-10-18 16:59:33.103 [info] Discover tests for workspace name: ec2-user - uri: /home/ec2-user/server.py
2024-10-18 17:02:37.272 [info] Discover tests for workspace name: ec2-user - uri: /home/ec2-user/server.py
