2024-10-17 19:44:12.512 [info] Experiment 'pythonaacf' is active
2024-10-17 19:44:12.512 [info] Experiment 'pythonRecommendTensorboardExt' is active
2024-10-17 19:44:12.512 [info] Experiment 'pythonSurveyNotification' is active
2024-10-17 19:44:12.513 [info] Experiment 'pythonTerminalEnvVarActivation' is active
2024-10-17 19:44:12.513 [info] Experiment 'pythonTestAdapter' is active
2024-10-17 19:44:12.513 [warning] Dir "/home/ec2-user/.pixi/envs" is not watchable (directory does not exist)
2024-10-17 19:44:12.667 [info] Default formatter is set to null for workspace /home/ec2-user
2024-10-17 19:44:13.422 [info] > /bin/python -I ./.vscode-server/extensions/ms-python.python-2024.16.1-linux-x64/python_files/get_output_via_markers.py ./.vscode-server/extensions/ms-python.python-2024.16.1-linux-x64/python_files/interpreterInfo.py
2024-10-17 19:44:13.435 [warning] [Error: Command failed: /bin/python -I /home/ec2-user/.vscode-server/extensions/ms-python.python-2024.16.1-linux-x64/python_files/get_output_via_markers.py /home/ec2-user/.vscode-server/extensions/ms-python.python-2024.16.1-linux-x64/python_files/interpreterInfo.py
Unknown option: -I
usage: /bin/python [option] ... [-c cmd | -m mod | file | -] [arg] ...
Try `python -h' for more information.

	at genericNodeError (node:internal/errors:984:15)
	at wrappedFn (node:internal/errors:538:14)
	at ChildProcess.exithandler (node:child_process:423:12)
	at ChildProcess.emit (node:events:531:35)
	at maybeClose (node:internal/child_process:1105:16)
	at ChildProcess._handle.onexit (node:internal/child_process:305:5)] {
  code: 2,
  killed: false,
  signal: null,
  cmd: '/bin/python -I /home/ec2-user/.vscode-server/extensions/ms-python.python-2024.16.1-linux-x64/python_files/get_output_via_markers.py /home/ec2-user/.vscode-server/extensions/ms-python.python-2024.16.1-linux-x64/python_files/interpreterInfo.py'
}
2024-10-17 19:44:13.435 [error] Support for Python 2.7 has been dropped by the Python extension so certain features may not work, upgrade to using Python 3.
2024-10-17 19:44:13.436 [info] > /bin/python ./.vscode-server/extensions/ms-python.python-2024.16.1-linux-x64/python_files/get_output_via_markers.py ./.vscode-server/extensions/ms-python.python-2024.16.1-linux-x64/python_files/interpreterInfo.py
2024-10-17 19:44:13.456 [info] Python interpreter path: /bin/python
2024-10-17 19:44:13.573 [info] > pyenv which python
2024-10-17 19:44:13.573 [info] cwd: .
2024-10-17 19:44:13.706 [info] > pixi --version
2024-10-17 19:44:13.715 [info] > /usr/bin/python -I ./.vscode-server/extensions/ms-python.python-2024.16.1-linux-x64/python_files/get_output_via_markers.py ./.vscode-server/extensions/ms-python.python-2024.16.1-linux-x64/python_files/interpreterInfo.py
2024-10-17 19:44:13.717 [warning] [Error: Command failed: /usr/bin/python -I /home/ec2-user/.vscode-server/extensions/ms-python.python-2024.16.1-linux-x64/python_files/get_output_via_markers.py /home/ec2-user/.vscode-server/extensions/ms-python.python-2024.16.1-linux-x64/python_files/interpreterInfo.py
Unknown option: -I
usage: /usr/bin/python [option] ... [-c cmd | -m mod | file | -] [arg] ...
Try `python -h' for more information.

	at genericNodeError (node:internal/errors:984:15)
	at wrappedFn (node:internal/errors:538:14)
	at ChildProcess.exithandler (node:child_process:423:12)
	at ChildProcess.emit (node:events:531:35)
	at maybeClose (node:internal/child_process:1105:16)
	at ChildProcess._handle.onexit (node:internal/child_process:305:5)] {
  code: 2,
  killed: false,
  signal: null,
  cmd: '/usr/bin/python -I /home/ec2-user/.vscode-server/extensions/ms-python.python-2024.16.1-linux-x64/python_files/get_output_via_markers.py /home/ec2-user/.vscode-server/extensions/ms-python.python-2024.16.1-linux-x64/python_files/interpreterInfo.py'
}
2024-10-17 19:44:13.717 [error] Support for Python 2.7 has been dropped by the Python extension so certain features may not work, upgrade to using Python 3.
2024-10-17 19:44:13.719 [info] > /usr/bin/python ./.vscode-server/extensions/ms-python.python-2024.16.1-linux-x64/python_files/get_output_via_markers.py ./.vscode-server/extensions/ms-python.python-2024.16.1-linux-x64/python_files/interpreterInfo.py
2024-10-17 19:44:15.000 [info] Starting Pylance language server.
